<?xml version="1.0" encoding="UTF-8"?>
<!-- Generated by org.testng.reporters.JUnitXMLReporter -->
<testsuite hostname="DESKTOP-HLE2G3S" name="Test" tests="28" failures="0" timestamp="7 Jul 2019 09:22:30 GMT" time="12.733" errors="0">
  <testcase name="get" time="3.458" classname="base10.test.ExcelUtilsTest"/>
  <testcase name="get" time="0.874" classname="base10.test.ExcelUtilsTest"/>
  <testcase name="get" time="0.008" classname="base10.test.ExcelUtilsTest"/>
  <testcase name="get" time="0.005" classname="base10.test.ExcelUtilsTest"/>
  <testcase name="get" time="0.005" classname="base10.test.ExcelUtilsTest"/>
  <testcase name="get" time="0.006" classname="base10.test.ExcelUtilsTest"/>
  <testcase name="get" time="0.594" classname="base10.test.ExcelUtilsTest"/>
  <testcase name="get" time="0.006" classname="base10.test.ExcelUtilsTest"/>
  <testcase name="get" time="0.004" classname="base10.test.ExcelUtilsTest"/>
  <testcase name="get" time="0.057" classname="base10.test.ExcelUtilsTest"/>
  <testcase name="get" time="0.054" classname="base10.test.ExcelUtilsTest"/>
  <testcase name="get" time="0.05" classname="base10.test.ExcelUtilsTest"/>
  <testcase name="get" time="0.006" classname="base10.test.ExcelUtilsTest"/>
  <testcase name="get" time="0.772" classname="base10.test.ExcelUtilsTest"/>
  <testcase name="get" time="0.008" classname="base10.test.ExcelUtilsTest"/>
  <testcase name="get" time="0.008" classname="base10.test.ExcelUtilsTest"/>
  <testcase name="get" time="0.042" classname="base10.test.ExcelUtilsTest"/>
  <testcase name="get" time="0.006" classname="base10.test.ExcelUtilsTest"/>
  <testcase name="get" time="0.205" classname="base10.test.ExcelUtilsTest"/>
  <testcase name="get" time="0.143" classname="base10.test.ExcelUtilsTest"/>
  <testcase name="get" time="0.044" classname="base10.test.ExcelUtilsTest"/>
  <testcase name="get" time="0.089" classname="base10.test.ExcelUtilsTest"/>
  <testcase name="get" time="1.466" classname="base10.test.ExcelUtilsTest"/>
  <testcase name="get" time="2.191" classname="base10.test.ExcelUtilsTest"/>
  <testcase name="get" time="0.403" classname="base10.test.ExcelUtilsTest"/>
  <testcase name="get" time="0.306" classname="base10.test.ExcelUtilsTest"/>
  <testcase name="get" time="0.357" classname="base10.test.ExcelUtilsTest"/>
  <testcase name="get" time="0.963" classname="base10.test.ExcelUtilsTest"/>
</testsuite> <!-- Test -->
