<?xml version="1.0" encoding="UTF-8"?>
<testng-results skipped="0" failed="2" total="28" passed="26">
  <reporter-output>
  </reporter-output>
  <suite name="Default suite" duration-ms="8369" started-at="2019-05-07T08:42:03Z" finished-at="2019-05-07T08:42:11Z">
    <groups>
    </groups>
    <test name="Default test" duration-ms="8369" started-at="2019-05-07T08:42:03Z" finished-at="2019-05-07T08:42:11Z">
      <class name="api.advanced.data_check_cookies.testcase.AllTestCase">
        <test-method status="PASS" signature="BeforeSuite()[pri:0, instance:api.advanced.data_check_cookies.testcase.AllTestCase@5f2050f6]" name="BeforeSuite" is-config="true" duration-ms="12" started-at="2019-05-07T16:42:03Z" finished-at="2019-05-07T16:42:03Z">
          <reporter-output>
          </reporter-output>
        </test-method> <!-- BeforeSuite -->
        <test-method status="FAIL" signature="request(api.advanced.data_check_cookies.pojo.ApiCaseDetail)[pri:0, instance:api.advanced.data_check_cookies.testcase.AllTestCase@5f2050f6]" name="request" duration-ms="1791" started-at="2019-05-07T16:42:03Z" data-provider="getDatas" finished-at="2019-05-07T16:42:05Z">
          <params>
            <param index="0">
              <value>
                <![CDATA[ApiCaseDetail [caseId=1, apiId=1, isExcute=Y, requestData={"mobilephone":"${mobilephone}","pwd":"${pwd}","regname":"${nickname}"}, expectedResponseData={"status":1,"code":"20110","data":null,"msg":"注册成功"}, actualResponseData=, sqlCheckResult=, reqHeader=, respHeader=, extractRespData=, assertKeyInfo=[{"jsonPath":"$.msg","expectedValue":"注册成功"},{"jsonPath":"$.code","expectedValue":"10001"}], apiInfo=ApiInfo [apiId=1, apiName=register, type=gEt, url=http://192.168.0.99:9000/futureloan/mvc/api/member/register, getRowNo()=2], beforeSqlList=[SqlChecker [sqlId=1, caseId=1, type=before, sql=select count(*) from member where MobilePhone='${mobilephone}';, expectedResult=[{"count(*)":"0"}], actualResult=, checkResult=, getRowNo()=2]], afterSqlList=[SqlChecker [sqlId=2, caseId=1, type=after, sql=select count(*) from member where MobilePhone='${mobilephone}';, expectedResult=[{"count(*)":"1"}], actualResult=, checkResult=, getRowNo()=3], SqlChecker [sqlId=3, caseId=1, type=after, sql=select leaveamount,Type from member where MobilePhone='${mobilephone}';, expectedResult=[{"leaveamount":"0.00","Type":"1"}], actualResult=, checkResult=, getRowNo()=4]], getRowNo()=2]]]>
              </value>
            </param>
          </params>
          <exception class="java.lang.AssertionError">
            <message>
              <![CDATA[expected [注册成功] but found [手机号码已被注册]]]>
            </message>
            <full-stacktrace>
              <![CDATA[java.lang.AssertionError: expected [注册成功] but found [手机号码已被注册]
	at org.testng.Assert.fail(Assert.java:94)
	at org.testng.Assert.failNotEquals(Assert.java:494)
	at org.testng.Assert.assertEquals(Assert.java:123)
	at org.testng.Assert.assertEquals(Assert.java:176)
	at org.testng.Assert.assertEquals(Assert.java:186)
	at api.advanced.data_check_cookies.utils.ApiHandleUtils.assertResult(ApiHandleUtils.java:42)
	at api.advanced.data_check_cookies.testcase.AllTestCase.request(AllTestCase.java:89)
	at sun.reflect.NativeMethodAccessorImpl.invoke0(Native Method)
	at sun.reflect.NativeMethodAccessorImpl.invoke(Unknown Source)
	at sun.reflect.DelegatingMethodAccessorImpl.invoke(Unknown Source)
	at java.lang.reflect.Method.invoke(Unknown Source)
	at org.testng.internal.MethodInvocationHelper.invokeMethod(MethodInvocationHelper.java:84)
	at org.testng.internal.Invoker.invokeMethod(Invoker.java:714)
	at org.testng.internal.Invoker.invokeTestMethod(Invoker.java:901)
	at org.testng.internal.Invoker.invokeTestMethods(Invoker.java:1231)
	at org.testng.internal.TestMethodWorker.invokeTestMethods(TestMethodWorker.java:127)
	at org.testng.internal.TestMethodWorker.run(TestMethodWorker.java:111)
	at org.testng.TestRunner.privateRun(TestRunner.java:767)
	at org.testng.TestRunner.run(TestRunner.java:617)
	at org.testng.SuiteRunner.runTest(SuiteRunner.java:348)
	at org.testng.SuiteRunner.runSequentially(SuiteRunner.java:343)
	at org.testng.SuiteRunner.privateRun(SuiteRunner.java:305)
	at org.testng.SuiteRunner.run(SuiteRunner.java:254)
	at org.testng.SuiteRunnerWorker.runSuite(SuiteRunnerWorker.java:52)
	at org.testng.SuiteRunnerWorker.run(SuiteRunnerWorker.java:86)
	at org.testng.TestNG.runSuitesSequentially(TestNG.java:1224)
	at org.testng.TestNG.runSuitesLocally(TestNG.java:1149)
	at org.testng.TestNG.run(TestNG.java:1057)
	at org.testng.remote.RemoteTestNG.run(RemoteTestNG.java:111)
	at org.testng.remote.RemoteTestNG.initAndRun(RemoteTestNG.java:204)
	at org.testng.remote.RemoteTestNG.main(RemoteTestNG.java:175)
]]>
            </full-stacktrace>
          </exception> <!-- java.lang.AssertionError -->
          <reporter-output>
          </reporter-output>
        </test-method> <!-- request -->
        <test-method status="PASS" signature="request(api.advanced.data_check_cookies.pojo.ApiCaseDetail)[pri:0, instance:api.advanced.data_check_cookies.testcase.AllTestCase@5f2050f6]" name="request" duration-ms="314" started-at="2019-05-07T16:42:05Z" data-provider="getDatas" finished-at="2019-05-07T16:42:05Z">
          <params>
            <param index="0">
              <value>
                <![CDATA[ApiCaseDetail [caseId=2, apiId=1, isExcute=Y, requestData={"mobilephone":"${mobilephone}","pwd":"${pwd}","regname":"${nickname}"}, expectedResponseData={"status":0,"code":"20110","data":null,"msg":"手机号码已被注册"}, actualResponseData=, sqlCheckResult=, reqHeader=, respHeader=, extractRespData=, assertKeyInfo=[{"jsonPath":"$.msg","expectedValue":"手机号码已被注册"}], apiInfo=ApiInfo [apiId=1, apiName=register, type=gEt, url=http://192.168.0.99:9000/futureloan/mvc/api/member/register, getRowNo()=2], beforeSqlList=[SqlChecker [sqlId=4, caseId=2, type=before, sql=select count(*) from member where MobilePhone='${mobilephone}';, expectedResult=[{"count(*)":"1"}], actualResult=, checkResult=, getRowNo()=5]], afterSqlList=null, getRowNo()=3]]]>
              </value>
            </param>
          </params>
          <reporter-output>
          </reporter-output>
        </test-method> <!-- request -->
        <test-method status="PASS" signature="request(api.advanced.data_check_cookies.pojo.ApiCaseDetail)[pri:0, instance:api.advanced.data_check_cookies.testcase.AllTestCase@5f2050f6]" name="request" duration-ms="21" started-at="2019-05-07T16:42:05Z" data-provider="getDatas" finished-at="2019-05-07T16:42:05Z">
          <params>
            <param index="0">
              <value>
                <![CDATA[ApiCaseDetail [caseId=3, apiId=1, isExcute=Y, requestData={"mobilephone":"${mobilephone}","pwd":"","regname":"${nickname}"}, expectedResponseData={"status":0,"code":"20103","data":null,"msg":"密码不能为空"}, actualResponseData=, sqlCheckResult=, reqHeader=, respHeader=, extractRespData=, assertKeyInfo=[{"jsonPath":"$.msg","expectedValue":"密码不能为空"}], apiInfo=ApiInfo [apiId=1, apiName=register, type=gEt, url=http://192.168.0.99:9000/futureloan/mvc/api/member/register, getRowNo()=2], beforeSqlList=null, afterSqlList=null, getRowNo()=4]]]>
              </value>
            </param>
          </params>
          <reporter-output>
          </reporter-output>
        </test-method> <!-- request -->
        <test-method status="PASS" signature="request(api.advanced.data_check_cookies.pojo.ApiCaseDetail)[pri:0, instance:api.advanced.data_check_cookies.testcase.AllTestCase@5f2050f6]" name="request" duration-ms="13" started-at="2019-05-07T16:42:05Z" data-provider="getDatas" finished-at="2019-05-07T16:42:05Z">
          <params>
            <param index="0">
              <value>
                <![CDATA[ApiCaseDetail [caseId=4, apiId=1, isExcute=Y, requestData={"mobilephone":"","pwd":"","regname":"${nickname}"}, expectedResponseData={"status":0,"code":"20103","data":null,"msg":"手机号不能为空"}, actualResponseData=, sqlCheckResult=, reqHeader=, respHeader=, extractRespData=, assertKeyInfo=[{"jsonPath":"$.msg","expectedValue":"手机号不能为空"}], apiInfo=ApiInfo [apiId=1, apiName=register, type=gEt, url=http://192.168.0.99:9000/futureloan/mvc/api/member/register, getRowNo()=2], beforeSqlList=null, afterSqlList=null, getRowNo()=5]]]>
              </value>
            </param>
          </params>
          <reporter-output>
          </reporter-output>
        </test-method> <!-- request -->
        <test-method status="PASS" signature="request(api.advanced.data_check_cookies.pojo.ApiCaseDetail)[pri:0, instance:api.advanced.data_check_cookies.testcase.AllTestCase@5f2050f6]" name="request" duration-ms="10" started-at="2019-05-07T16:42:05Z" data-provider="getDatas" finished-at="2019-05-07T16:42:05Z">
          <params>
            <param index="0">
              <value>
                <![CDATA[ApiCaseDetail [caseId=5, apiId=1, isExcute=N, requestData={"mobilephone":"135","pwd":"${pwd}","regname":"${nickname}"}, expectedResponseData={"status":0,"code":"20109","data":null,"msg":"手机号码格式不正确"}, actualResponseData=, sqlCheckResult=, reqHeader=, respHeader=, extractRespData=, assertKeyInfo=[{"jsonPath":"$.msg","expectedValue":"手机号码格式不正确"}], apiInfo=ApiInfo [apiId=1, apiName=register, type=gEt, url=http://192.168.0.99:9000/futureloan/mvc/api/member/register, getRowNo()=2], beforeSqlList=null, afterSqlList=null, getRowNo()=6]]]>
              </value>
            </param>
          </params>
          <reporter-output>
          </reporter-output>
        </test-method> <!-- request -->
        <test-method status="PASS" signature="request(api.advanced.data_check_cookies.pojo.ApiCaseDetail)[pri:0, instance:api.advanced.data_check_cookies.testcase.AllTestCase@5f2050f6]" name="request" duration-ms="10" started-at="2019-05-07T16:42:05Z" data-provider="getDatas" finished-at="2019-05-07T16:42:05Z">
          <params>
            <param index="0">
              <value>
                <![CDATA[ApiCaseDetail [caseId=6, apiId=1, isExcute=Y, requestData={"mobilephone":"${mobilephone}","pwd":"123","regname":"${nickname}"}, expectedResponseData={"status":0,"code":"20108","data":null,"msg":"密码长度必须为6~18"}, actualResponseData=, sqlCheckResult=, reqHeader=, respHeader=, extractRespData=, assertKeyInfo=[{"jsonPath":"$.msg","expectedValue":"密码长度必须为6~18"}], apiInfo=ApiInfo [apiId=1, apiName=register, type=gEt, url=http://192.168.0.99:9000/futureloan/mvc/api/member/register, getRowNo()=2], beforeSqlList=null, afterSqlList=null, getRowNo()=7]]]>
              </value>
            </param>
          </params>
          <reporter-output>
          </reporter-output>
        </test-method> <!-- request -->
        <test-method status="PASS" signature="request(api.advanced.data_check_cookies.pojo.ApiCaseDetail)[pri:0, instance:api.advanced.data_check_cookies.testcase.AllTestCase@5f2050f6]" name="request" duration-ms="320" started-at="2019-05-07T16:42:05Z" data-provider="getDatas" finished-at="2019-05-07T16:42:06Z">
          <params>
            <param index="0">
              <value>
                <![CDATA[ApiCaseDetail [caseId=7, apiId=2, isExcute=Y, requestData={"mobilephone":"${mobilephone}","pwd":"${pwd}"}, expectedResponseData={"status":"1","code":"10001","data":null,"msg":"登录成功"}, actualResponseData=, sqlCheckResult=, reqHeader=, respHeader=[{"headerName":"Set-Cookie","paramName":"cookie"}], extractRespData=, assertKeyInfo=[{"jsonPath":"$.msg","expectedValue":"登录成功"}], apiInfo=ApiInfo [apiId=2, apiName=login, type=Post, url=http://192.168.0.99:9000/futureloan/mvc/api/member/login, getRowNo()=3], beforeSqlList=[SqlChecker [sqlId=5, caseId=7, type=before, sql=select count(*) from member where MobilePhone='${mobilephone}';, expectedResult=[{"count(*)":"1"}], actualResult=, checkResult=, getRowNo()=6]], afterSqlList=null, getRowNo()=8]]]>
              </value>
            </param>
          </params>
          <reporter-output>
          </reporter-output>
        </test-method> <!-- request -->
        <test-method status="PASS" signature="request(api.advanced.data_check_cookies.pojo.ApiCaseDetail)[pri:0, instance:api.advanced.data_check_cookies.testcase.AllTestCase@5f2050f6]" name="request" duration-ms="8" started-at="2019-05-07T16:42:06Z" data-provider="getDatas" finished-at="2019-05-07T16:42:06Z">
          <params>
            <param index="0">
              <value>
                <![CDATA[ApiCaseDetail [caseId=8, apiId=2, isExcute=Y, requestData={"mobilephone":"${mobilephone}","pwd":""}, expectedResponseData={"status":0,"code":"20103","data":null,"msg":"密码不能为空"}, actualResponseData=, sqlCheckResult=, reqHeader=, respHeader=, extractRespData=, assertKeyInfo=[{"jsonPath":"$.msg","expectedValue":"密码不能为空"}], apiInfo=ApiInfo [apiId=2, apiName=login, type=Post, url=http://192.168.0.99:9000/futureloan/mvc/api/member/login, getRowNo()=3], beforeSqlList=null, afterSqlList=null, getRowNo()=9]]]>
              </value>
            </param>
          </params>
          <reporter-output>
          </reporter-output>
        </test-method> <!-- request -->
        <test-method status="PASS" signature="request(api.advanced.data_check_cookies.pojo.ApiCaseDetail)[pri:0, instance:api.advanced.data_check_cookies.testcase.AllTestCase@5f2050f6]" name="request" duration-ms="10" started-at="2019-05-07T16:42:06Z" data-provider="getDatas" finished-at="2019-05-07T16:42:06Z">
          <params>
            <param index="0">
              <value>
                <![CDATA[ApiCaseDetail [caseId=9, apiId=2, isExcute=Y, requestData={"mobilephone":"","pwd":"${pwd}"}, expectedResponseData={"status":"0","code":"20103",data:null,"msg":"手机号不能为空"}, actualResponseData=, sqlCheckResult=, reqHeader=, respHeader=, extractRespData=, assertKeyInfo=[{"jsonPath":"$.msg","expectedValue":"手机号不能为空"}], apiInfo=ApiInfo [apiId=2, apiName=login, type=Post, url=http://192.168.0.99:9000/futureloan/mvc/api/member/login, getRowNo()=3], beforeSqlList=null, afterSqlList=null, getRowNo()=10]]]>
              </value>
            </param>
          </params>
          <reporter-output>
          </reporter-output>
        </test-method> <!-- request -->
        <test-method status="PASS" signature="request(api.advanced.data_check_cookies.pojo.ApiCaseDetail)[pri:0, instance:api.advanced.data_check_cookies.testcase.AllTestCase@5f2050f6]" name="request" duration-ms="49" started-at="2019-05-07T16:42:06Z" data-provider="getDatas" finished-at="2019-05-07T16:42:06Z">
          <params>
            <param index="0">
              <value>
                <![CDATA[ApiCaseDetail [caseId=10, apiId=2, isExcute=Y, requestData={"mobilephone":"13666666665","pwd":"${pwd}"}, expectedResponseData={"status":"0","code":"20111",data:null,"msg":"用户名或者密码错误"}, actualResponseData=, sqlCheckResult=, reqHeader=, respHeader=, extractRespData=, assertKeyInfo=[{"jsonPath":"$.msg","expectedValue":"用户名或密码错误"}], apiInfo=ApiInfo [apiId=2, apiName=login, type=Post, url=http://192.168.0.99:9000/futureloan/mvc/api/member/login, getRowNo()=3], beforeSqlList=null, afterSqlList=null, getRowNo()=11]]]>
              </value>
            </param>
          </params>
          <reporter-output>
          </reporter-output>
        </test-method> <!-- request -->
        <test-method status="PASS" signature="request(api.advanced.data_check_cookies.pojo.ApiCaseDetail)[pri:0, instance:api.advanced.data_check_cookies.testcase.AllTestCase@5f2050f6]" name="request" duration-ms="44" started-at="2019-05-07T16:42:06Z" data-provider="getDatas" finished-at="2019-05-07T16:42:06Z">
          <params>
            <param index="0">
              <value>
                <![CDATA[ApiCaseDetail [caseId=11, apiId=2, isExcute=Y, requestData={"mobilephone":"${mobilephone}","pwd":"1234567"}, expectedResponseData={"status":"0","code":"20111",data:null,"msg":"用户名或者密码错误"}, actualResponseData=, sqlCheckResult=, reqHeader=, respHeader=, extractRespData=, assertKeyInfo=[{"jsonPath":"$.msg","expectedValue":"用户名或密码错误"}], apiInfo=ApiInfo [apiId=2, apiName=login, type=Post, url=http://192.168.0.99:9000/futureloan/mvc/api/member/login, getRowNo()=3], beforeSqlList=null, afterSqlList=null, getRowNo()=12]]]>
              </value>
            </param>
          </params>
          <reporter-output>
          </reporter-output>
        </test-method> <!-- request -->
        <test-method status="PASS" signature="request(api.advanced.data_check_cookies.pojo.ApiCaseDetail)[pri:0, instance:api.advanced.data_check_cookies.testcase.AllTestCase@5f2050f6]" name="request" duration-ms="41" started-at="2019-05-07T16:42:06Z" data-provider="getDatas" finished-at="2019-05-07T16:42:06Z">
          <params>
            <param index="0">
              <value>
                <![CDATA[ApiCaseDetail [caseId=12, apiId=3, isExcute=Y, requestData={"mobilephone":"13666666665","amount":"100"}, expectedResponseData={"status":0,"code":"20104","data":null,"msg":"此手机号对应的会员不存在"}, actualResponseData=, sqlCheckResult=, reqHeader=[{"headerName":"Cookie","paramName":"cookie"}], respHeader=, extractRespData=, assertKeyInfo=[{"jsonPath":"$.msg","expectedValue":"此手机号对应的会员不存在"}], apiInfo=ApiInfo [apiId=3, apiName=recharge, type=post, url=http://192.168.0.99:9000/futureloan/mvc/api/member/recharge, getRowNo()=4], beforeSqlList=null, afterSqlList=null, getRowNo()=13]]]>
              </value>
            </param>
          </params>
          <reporter-output>
          </reporter-output>
        </test-method> <!-- request -->
        <test-method status="PASS" signature="request(api.advanced.data_check_cookies.pojo.ApiCaseDetail)[pri:0, instance:api.advanced.data_check_cookies.testcase.AllTestCase@5f2050f6]" name="request" duration-ms="9" started-at="2019-05-07T16:42:06Z" data-provider="getDatas" finished-at="2019-05-07T16:42:06Z">
          <params>
            <param index="0">
              <value>
                <![CDATA[ApiCaseDetail [caseId=13, apiId=3, isExcute=Y, requestData={"mobilephone":"${mobilephone}","amount":"-100"}, expectedResponseData={"status":0,"code":"20117","data":null,"msg":"请输入范围在0到50万之间的正数金额"}, actualResponseData=, sqlCheckResult=, reqHeader=[{"headerName":"Cookie","paramName":"cookie"}], respHeader=, extractRespData=, assertKeyInfo=[{"jsonPath":"$.msg","expectedValue":"请输入范围在0到50万之间的正数金额"}], apiInfo=ApiInfo [apiId=3, apiName=recharge, type=post, url=http://192.168.0.99:9000/futureloan/mvc/api/member/recharge, getRowNo()=4], beforeSqlList=null, afterSqlList=null, getRowNo()=14]]]>
              </value>
            </param>
          </params>
          <reporter-output>
          </reporter-output>
        </test-method> <!-- request -->
        <test-method status="PASS" signature="request(api.advanced.data_check_cookies.pojo.ApiCaseDetail)[pri:0, instance:api.advanced.data_check_cookies.testcase.AllTestCase@5f2050f6]" name="request" duration-ms="660" started-at="2019-05-07T16:42:06Z" data-provider="getDatas" finished-at="2019-05-07T16:42:07Z">
          <params>
            <param index="0">
              <value>
                <![CDATA[ApiCaseDetail [caseId=14, apiId=3, isExcute=Y, requestData={"mobilephone":"${mobilephone}","amount":"10000"}, expectedResponseData={"status":1,"code":"10001","data":{"id":1,"regname":"${nickname}","pwd":"E10ADC3949BA59ABBE56E057F20F883E","mobilephone":"${mobilephone}","leaveamount":"10000.00","type":"1","regtime":"2018-04-26 14:42:36.0"},"msg":"充值成功"}, actualResponseData=, sqlCheckResult=, reqHeader=[{"headerName":"Cookie","paramName":"cookie"}], respHeader=, extractRespData=[{"parameterName":"memberId","jsonPath":"$.data.id"},{"parameterName":"leaveAmount","jsonPath":"$.data.leaveamount"}], assertKeyInfo=[{"jsonPath":"$.msg","expectedValue":"充值成功"}], apiInfo=ApiInfo [apiId=3, apiName=recharge, type=post, url=http://192.168.0.99:9000/futureloan/mvc/api/member/recharge, getRowNo()=4], beforeSqlList=[SqlChecker [sqlId=6, caseId=14, type=before, sql=select LeaveAmount from member where MobilePhone='${mobilephone}', expectedResult=[{"LeaveAmount":"0.00"}], actualResult=, checkResult=, getRowNo()=7]], afterSqlList=[SqlChecker [sqlId=7, caseId=14, type=after, sql=select LeaveAmount from member where MobilePhone='${mobilephone}', expectedResult=[{"LeaveAmount":"10000.00"}], actualResult=, checkResult=, getRowNo()=8]], getRowNo()=15]]]>
              </value>
            </param>
          </params>
          <reporter-output>
          </reporter-output>
        </test-method> <!-- request -->
        <test-method status="PASS" signature="request(api.advanced.data_check_cookies.pojo.ApiCaseDetail)[pri:0, instance:api.advanced.data_check_cookies.testcase.AllTestCase@5f2050f6]" name="request" duration-ms="16" started-at="2019-05-07T16:42:07Z" data-provider="getDatas" finished-at="2019-05-07T16:42:07Z">
          <params>
            <param index="0">
              <value>
                <![CDATA[ApiCaseDetail [caseId=15, apiId=3, isExcute=Y, requestData={"mobilephone":"138888","amount":"100"}, expectedResponseData={"status":0,"code":"20109","data":null,"msg":"手机号码格式不正确"}, actualResponseData=, sqlCheckResult=, reqHeader=[{"headerName":"Cookie","paramName":"cookie"}], respHeader=, extractRespData=, assertKeyInfo=[{"jsonPath":"$.msg","expectedValue":"手机号码格式不正确"}], apiInfo=ApiInfo [apiId=3, apiName=recharge, type=post, url=http://192.168.0.99:9000/futureloan/mvc/api/member/recharge, getRowNo()=4], beforeSqlList=null, afterSqlList=null, getRowNo()=16]]]>
              </value>
            </param>
          </params>
          <reporter-output>
          </reporter-output>
        </test-method> <!-- request -->
        <test-method status="PASS" signature="request(api.advanced.data_check_cookies.pojo.ApiCaseDetail)[pri:0, instance:api.advanced.data_check_cookies.testcase.AllTestCase@5f2050f6]" name="request" duration-ms="10" started-at="2019-05-07T16:42:07Z" data-provider="getDatas" finished-at="2019-05-07T16:42:07Z">
          <params>
            <param index="0">
              <value>
                <![CDATA[ApiCaseDetail [caseId=16, apiId=3, isExcute=Y, requestData={"mobilephone":"${mobilephone}","amount":"abc"}, expectedResponseData={"status":0,"code":"20118","data":null,"msg":"请输入数字"}, actualResponseData=, sqlCheckResult=, reqHeader=[{"headerName":"Cookie","paramName":"cookie"}], respHeader=, extractRespData=, assertKeyInfo=[{"jsonPath":"$.msg","expectedValue":"请输入数字"}], apiInfo=ApiInfo [apiId=3, apiName=recharge, type=post, url=http://192.168.0.99:9000/futureloan/mvc/api/member/recharge, getRowNo()=4], beforeSqlList=null, afterSqlList=null, getRowNo()=17]]]>
              </value>
            </param>
          </params>
          <reporter-output>
          </reporter-output>
        </test-method> <!-- request -->
        <test-method status="PASS" signature="request(api.advanced.data_check_cookies.pojo.ApiCaseDetail)[pri:0, instance:api.advanced.data_check_cookies.testcase.AllTestCase@5f2050f6]" name="request" duration-ms="43" started-at="2019-05-07T16:42:07Z" data-provider="getDatas" finished-at="2019-05-07T16:42:07Z">
          <params>
            <param index="0">
              <value>
                <![CDATA[ApiCaseDetail [caseId=17, apiId=4, isExcute=Y, requestData={"mobilephone":"${mobilephone}","amount":"-100"}, expectedResponseData={"status":0,"code":"20117","data":null,"msg":"请输入范围在0到50万之间的正数金额"}, actualResponseData=, sqlCheckResult=, reqHeader=[{"headerName":"Cookie","paramName":"cookie"}], respHeader=, extractRespData=, assertKeyInfo=[{"jsonPath":"$.msg","expectedValue":"请输入范围在0到50万之间的正数金额"}], apiInfo=ApiInfo [apiId=4, apiName=withdraw, type=post, url=http://192.168.0.99:9000/futureloan/mvc/api/member/withdraw, getRowNo()=5], beforeSqlList=null, afterSqlList=null, getRowNo()=18]]]>
              </value>
            </param>
          </params>
          <reporter-output>
          </reporter-output>
        </test-method> <!-- request -->
        <test-method status="PASS" signature="request(api.advanced.data_check_cookies.pojo.ApiCaseDetail)[pri:0, instance:api.advanced.data_check_cookies.testcase.AllTestCase@5f2050f6]" name="request" duration-ms="8" started-at="2019-05-07T16:42:07Z" data-provider="getDatas" finished-at="2019-05-07T16:42:07Z">
          <params>
            <param index="0">
              <value>
                <![CDATA[ApiCaseDetail [caseId=18, apiId=4, isExcute=Y, requestData={"mobilephone":"1388888000","amount":"100"}, expectedResponseData={"status":0,"code":"20109","data":null,"msg":"手机号码格式不正确"}, actualResponseData=, sqlCheckResult=, reqHeader=[{"headerName":"Cookie","paramName":"cookie"}], respHeader=, extractRespData=, assertKeyInfo=[{"jsonPath":"$.msg","expectedValue":"手机号码格式不正确"}], apiInfo=ApiInfo [apiId=4, apiName=withdraw, type=post, url=http://192.168.0.99:9000/futureloan/mvc/api/member/withdraw, getRowNo()=5], beforeSqlList=null, afterSqlList=null, getRowNo()=19]]]>
              </value>
            </param>
          </params>
          <reporter-output>
          </reporter-output>
        </test-method> <!-- request -->
        <test-method status="PASS" signature="request(api.advanced.data_check_cookies.pojo.ApiCaseDetail)[pri:0, instance:api.advanced.data_check_cookies.testcase.AllTestCase@5f2050f6]" name="request" duration-ms="189" started-at="2019-05-07T16:42:07Z" data-provider="getDatas" finished-at="2019-05-07T16:42:07Z">
          <params>
            <param index="0">
              <value>
                <![CDATA[ApiCaseDetail [caseId=19, apiId=4, isExcute=Y, requestData={"mobilephone":"${mobilephone}","amount":"10000"}, expectedResponseData={"status":0,"code":"20119","data":null,"msg":"取现成功"}, actualResponseData=, sqlCheckResult=, reqHeader=[{"headerName":"Cookie","paramName":"cookie"}], respHeader=, extractRespData=, assertKeyInfo=[{"jsonPath":"$.msg","expectedValue":"取现成功"}], apiInfo=ApiInfo [apiId=4, apiName=withdraw, type=post, url=http://192.168.0.99:9000/futureloan/mvc/api/member/withdraw, getRowNo()=5], beforeSqlList=null, afterSqlList=null, getRowNo()=20]]]>
              </value>
            </param>
          </params>
          <reporter-output>
          </reporter-output>
        </test-method> <!-- request -->
        <test-method status="PASS" signature="request(api.advanced.data_check_cookies.pojo.ApiCaseDetail)[pri:0, instance:api.advanced.data_check_cookies.testcase.AllTestCase@5f2050f6]" name="request" duration-ms="109" started-at="2019-05-07T16:42:07Z" data-provider="getDatas" finished-at="2019-05-07T16:42:07Z">
          <params>
            <param index="0">
              <value>
                <![CDATA[ApiCaseDetail [caseId=20, apiId=4, isExcute=Y, requestData={"mobilephone":"${mobilephone}","amount":"0"}, expectedResponseData={"status":0,"code":"20117","data":null,"msg":"取现成功"}, actualResponseData=, sqlCheckResult=, reqHeader=[{"headerName":"Cookie","paramName":"cookie"}], respHeader=, extractRespData=, assertKeyInfo=[{"jsonPath":"$.msg","expectedValue":"取现成功"}], apiInfo=ApiInfo [apiId=4, apiName=withdraw, type=post, url=http://192.168.0.99:9000/futureloan/mvc/api/member/withdraw, getRowNo()=5], beforeSqlList=null, afterSqlList=null, getRowNo()=21]]]>
              </value>
            </param>
          </params>
          <reporter-output>
          </reporter-output>
        </test-method> <!-- request -->
        <test-method status="FAIL" signature="request(api.advanced.data_check_cookies.pojo.ApiCaseDetail)[pri:0, instance:api.advanced.data_check_cookies.testcase.AllTestCase@5f2050f6]" name="request" duration-ms="219" started-at="2019-05-07T16:42:07Z" data-provider="getDatas" finished-at="2019-05-07T16:42:07Z">
          <params>
            <param index="0">
              <value>
                <![CDATA[ApiCaseDetail [caseId=21, apiId=4, isExcute=Y, requestData={"mobilephone":"${mobilephone}","amount":"100"}, expectedResponseData={"status":1,"code":"10001","data":null,"msg":"余额不足，请修改提现额度"}, actualResponseData=, sqlCheckResult=, reqHeader=[{"headerName":"Cookie","paramName":"cookie"}], respHeader=, extractRespData=, assertKeyInfo=[{"jsonPath":"$.msg","expectedValue":"余额不足，请修改提现额度"}], apiInfo=ApiInfo [apiId=4, apiName=withdraw, type=post, url=http://192.168.0.99:9000/futureloan/mvc/api/member/withdraw, getRowNo()=5], beforeSqlList=null, afterSqlList=null, getRowNo()=22]]]>
              </value>
            </param>
          </params>
          <exception class="java.lang.AssertionError">
            <message>
              <![CDATA[expected [余额不足，请修改提现额度] but found [取现成功]]]>
            </message>
            <full-stacktrace>
              <![CDATA[java.lang.AssertionError: expected [余额不足，请修改提现额度] but found [取现成功]
	at org.testng.Assert.fail(Assert.java:94)
	at org.testng.Assert.failNotEquals(Assert.java:494)
	at org.testng.Assert.assertEquals(Assert.java:123)
	at org.testng.Assert.assertEquals(Assert.java:176)
	at org.testng.Assert.assertEquals(Assert.java:186)
	at api.advanced.data_check_cookies.utils.ApiHandleUtils.assertResult(ApiHandleUtils.java:42)
	at api.advanced.data_check_cookies.testcase.AllTestCase.request(AllTestCase.java:89)
	at sun.reflect.GeneratedMethodAccessor21.invoke(Unknown Source)
	at sun.reflect.DelegatingMethodAccessorImpl.invoke(Unknown Source)
	at java.lang.reflect.Method.invoke(Unknown Source)
	at org.testng.internal.MethodInvocationHelper.invokeMethod(MethodInvocationHelper.java:84)
	at org.testng.internal.Invoker.invokeMethod(Invoker.java:714)
	at org.testng.internal.Invoker.invokeTestMethod(Invoker.java:901)
	at org.testng.internal.Invoker.invokeTestMethods(Invoker.java:1231)
	at org.testng.internal.TestMethodWorker.invokeTestMethods(TestMethodWorker.java:127)
	at org.testng.internal.TestMethodWorker.run(TestMethodWorker.java:111)
	at org.testng.TestRunner.privateRun(TestRunner.java:767)
	at org.testng.TestRunner.run(TestRunner.java:617)
	at org.testng.SuiteRunner.runTest(SuiteRunner.java:348)
	at org.testng.SuiteRunner.runSequentially(SuiteRunner.java:343)
	at org.testng.SuiteRunner.privateRun(SuiteRunner.java:305)
	at org.testng.SuiteRunner.run(SuiteRunner.java:254)
	at org.testng.SuiteRunnerWorker.runSuite(SuiteRunnerWorker.java:52)
	at org.testng.SuiteRunnerWorker.run(SuiteRunnerWorker.java:86)
	at org.testng.TestNG.runSuitesSequentially(TestNG.java:1224)
	at org.testng.TestNG.runSuitesLocally(TestNG.java:1149)
	at org.testng.TestNG.run(TestNG.java:1057)
	at org.testng.remote.RemoteTestNG.run(RemoteTestNG.java:111)
	at org.testng.remote.RemoteTestNG.initAndRun(RemoteTestNG.java:204)
	at org.testng.remote.RemoteTestNG.main(RemoteTestNG.java:175)
]]>
            </full-stacktrace>
          </exception> <!-- java.lang.AssertionError -->
          <reporter-output>
          </reporter-output>
        </test-method> <!-- request -->
        <test-method status="PASS" signature="request(api.advanced.data_check_cookies.pojo.ApiCaseDetail)[pri:0, instance:api.advanced.data_check_cookies.testcase.AllTestCase@5f2050f6]" name="request" duration-ms="91" started-at="2019-05-07T16:42:07Z" data-provider="getDatas" finished-at="2019-05-07T16:42:07Z">
          <params>
            <param index="0">
              <value>
                <![CDATA[ApiCaseDetail [caseId=22, apiId=7, isExcute=Y, requestData={"memberId":"${memberId}","title":"测试新增项目","loanRate":"12","loanTerm":"3","loanDateType":"2","repaymemtWay":"11","biddingDays":"5","amount":"100000"}, expectedResponseData={"status":1,"code":"10001","data":null,"msg":"加标成功"}, actualResponseData=, sqlCheckResult=, reqHeader=[{"headerName":"Cookie","paramName":"cookie"}], respHeader=, extractRespData=, assertKeyInfo=[{"jsonPath":"$.msg","expectedValue":"加标成功"}], apiInfo=ApiInfo [apiId=7, apiName=add , type=post, url=http://192.168.0.99:9000/futureloan/mvc/api/loan/add, getRowNo()=8], beforeSqlList=null, afterSqlList=null, getRowNo()=23]]]>
              </value>
            </param>
          </params>
          <reporter-output>
          </reporter-output>
        </test-method> <!-- request -->
        <test-method status="PASS" signature="request(api.advanced.data_check_cookies.pojo.ApiCaseDetail)[pri:0, instance:api.advanced.data_check_cookies.testcase.AllTestCase@5f2050f6]" name="request" duration-ms="583" started-at="2019-05-07T16:42:07Z" data-provider="getDatas" finished-at="2019-05-07T16:42:08Z">
          <params>
            <param index="0">
              <value>
                <![CDATA[ApiCaseDetail [caseId=23, apiId=8, isExcute=Y, requestData={"id":"1","status":"4"}, expectedResponseData={"status":1,"code":"10001","data":null,"msg":"更新状态成功：竞标开始，当前标为竞标中状态"}, actualResponseData=, sqlCheckResult=, reqHeader=[{"headerName":"Cookie","paramName":"cookie"}], respHeader=, extractRespData=, assertKeyInfo=[{"jsonPath":"$.msg","expectedValue":"更新状态成功：竞标开始，当前标为竞标中状态"}], apiInfo=ApiInfo [apiId=8, apiName=audit, type=post, url=http://192.168.0.99:9000/futureloan/mvc/api/loan/audit, getRowNo()=9], beforeSqlList=[SqlChecker [sqlId=8, caseId=23, type=before, sql=select `Status` from loan where Id=1, expectedResult=[{"Status":"1"}], actualResult=, checkResult=, getRowNo()=9]], afterSqlList=[SqlChecker [sqlId=9, caseId=23, type=after, sql=select `Status` from loan where Id=1, expectedResult=[{"Status":"4"}], actualResult=, checkResult=, getRowNo()=10]], getRowNo()=24]]]>
              </value>
            </param>
          </params>
          <reporter-output>
          </reporter-output>
        </test-method> <!-- request -->
        <test-method status="PASS" signature="request(api.advanced.data_check_cookies.pojo.ApiCaseDetail)[pri:0, instance:api.advanced.data_check_cookies.testcase.AllTestCase@5f2050f6]" name="request" duration-ms="1317" started-at="2019-05-07T16:42:08Z" data-provider="getDatas" finished-at="2019-05-07T16:42:09Z">
          <params>
            <param index="0">
              <value>
                <![CDATA[ApiCaseDetail [caseId=24, apiId=6, isExcute=Y, requestData={"memberId":"${memberId}","password":"${pwd}","loanId":"1","amount":"100"}, expectedResponseData={"status":1,"code":"10001","data":null,"msg":"竞标成功"}, actualResponseData=, sqlCheckResult=, reqHeader=[{"headerName":"Cookie","paramName":"cookie"}], respHeader=, extractRespData=, assertKeyInfo=[{"jsonPath":"$.msg","expectedValue":"竞标成功"}], apiInfo=ApiInfo [apiId=6, apiName=bidLoan, type=post, url=http://192.168.0.99:9000/futureloan/mvc/api/member/bidLoan, getRowNo()=7], beforeSqlList=[SqlChecker [sqlId=10, caseId=24, type=before, sql=select count(1) as loanNum from loan where id=1, expectedResult=[{"loanNum":"1"}], actualResult=, checkResult=, getRowNo()=11], SqlChecker [sqlId=11, caseId=24, type=before, sql=select LeaveAmount from member where MobilePhone='${mobilephone}', expectedResult=[{"LeaveAmount":"10000.00"}], actualResult=, checkResult=, getRowNo()=12]], afterSqlList=[SqlChecker [sqlId=12, caseId=24, type=after, sql=select MemberID,LoanId,Amount,IsValid from invest order by id desc limit 1, expectedResult=[{"MemberID":"1","LoanId":"1","Amount":"100.00","IsValid":"1"}], actualResult=, checkResult=, getRowNo()=13], SqlChecker [sqlId=13, caseId=24, type=after, sql=select LeaveAmount from member where MobilePhone='${mobilephone}', expectedResult=[{"LeaveAmount":"9900.00"}], actualResult=, checkResult=, getRowNo()=14]], getRowNo()=25]]]>
              </value>
            </param>
          </params>
          <reporter-output>
          </reporter-output>
        </test-method> <!-- request -->
        <test-method status="PASS" signature="request(api.advanced.data_check_cookies.pojo.ApiCaseDetail)[pri:0, instance:api.advanced.data_check_cookies.testcase.AllTestCase@5f2050f6]" name="request" duration-ms="320" started-at="2019-05-07T16:42:09Z" data-provider="getDatas" finished-at="2019-05-07T16:42:09Z">
          <params>
            <param index="0">
              <value>
                <![CDATA[ApiCaseDetail [caseId=25, apiId=6, isExcute=Y, requestData={"memberId":"${memberId}","password":"${pwd}","loanId":"10000","amount":"100000"}, expectedResponseData={"status":0,"code":"11009","data":null,"msg":"不存在该标的"}, actualResponseData=, sqlCheckResult=, reqHeader=[{"headerName":"Cookie","paramName":"cookie"}], respHeader=, extractRespData=, assertKeyInfo=[{"jsonPath":"$.msg","expectedValue":"不存在该标的"}], apiInfo=ApiInfo [apiId=6, apiName=bidLoan, type=post, url=http://192.168.0.99:9000/futureloan/mvc/api/member/bidLoan, getRowNo()=7], beforeSqlList=null, afterSqlList=[SqlChecker [sqlId=14, caseId=25, type=after, sql=select count(1) as loanNum from loan where id=10000, expectedResult=[{"loanNum":"0"}], actualResult=, checkResult=, getRowNo()=15]], getRowNo()=26]]]>
              </value>
            </param>
          </params>
          <reporter-output>
          </reporter-output>
        </test-method> <!-- request -->
        <test-method status="PASS" signature="request(api.advanced.data_check_cookies.pojo.ApiCaseDetail)[pri:0, instance:api.advanced.data_check_cookies.testcase.AllTestCase@5f2050f6]" name="request" duration-ms="289" started-at="2019-05-07T16:42:09Z" data-provider="getDatas" finished-at="2019-05-07T16:42:10Z">
          <params>
            <param index="0">
              <value>
                <![CDATA[ApiCaseDetail [caseId=26, apiId=10, isExcute=Y, requestData={"id":"1"}, expectedResponseData={"status":1,"code":"20405","data":null,"msg":"该项目不在核保审批或终审状态，无法生成回款计划！"}, actualResponseData=, sqlCheckResult=, reqHeader=[{"headerName":"Cookie","paramName":"cookie"}], respHeader=, extractRespData=, assertKeyInfo=[{"jsonPath":"$.msg","expectedValue":"该项目不在核保审批或终审状态，无法生成回款计划！"}], apiInfo=ApiInfo [apiId=10, apiName=generateRepayments, type=post, url=http://192.168.0.99:9000/futureloan/mvc/api/loan/generateRepayments, getRowNo()=11], beforeSqlList=null, afterSqlList=[SqlChecker [sqlId=15, caseId=26, type=after, sql=select count(1) as loanNum from loan where id=1 and `Status`=5, expectedResult=[{"loanNum":"0"}], actualResult=, checkResult=, getRowNo()=16]], getRowNo()=27]]]>
              </value>
            </param>
          </params>
          <reporter-output>
          </reporter-output>
        </test-method> <!-- request -->
        <test-method status="PASS" signature="request(api.advanced.data_check_cookies.pojo.ApiCaseDetail)[pri:0, instance:api.advanced.data_check_cookies.testcase.AllTestCase@5f2050f6]" name="request" duration-ms="299" started-at="2019-05-07T16:42:10Z" data-provider="getDatas" finished-at="2019-05-07T16:42:10Z">
          <params>
            <param index="0">
              <value>
                <![CDATA[ApiCaseDetail [caseId=27, apiId=8, isExcute=Y, requestData={"id":"1","status":"5"}, expectedResponseData={"status":1,"code":"10001","data":null,"msg":"更新状态成功：当前标为核保审批状态"}, actualResponseData=, sqlCheckResult=, reqHeader=[{"headerName":"Cookie","paramName":"cookie"}], respHeader=, extractRespData=, assertKeyInfo=[{"jsonPath":"$.msg","expectedValue":"更新状态成功：当前标为核保审批状态"}], apiInfo=ApiInfo [apiId=8, apiName=audit, type=post, url=http://192.168.0.99:9000/futureloan/mvc/api/loan/audit, getRowNo()=9], beforeSqlList=null, afterSqlList=[SqlChecker [sqlId=16, caseId=27, type=after, sql=select `Status` from loan where Id=1, expectedResult=[{"Status":"5"}], actualResult=, checkResult=, getRowNo()=17]], getRowNo()=28]]]>
              </value>
            </param>
          </params>
          <reporter-output>
          </reporter-output>
        </test-method> <!-- request -->
        <test-method status="PASS" signature="request(api.advanced.data_check_cookies.pojo.ApiCaseDetail)[pri:0, instance:api.advanced.data_check_cookies.testcase.AllTestCase@5f2050f6]" name="request" duration-ms="822" started-at="2019-05-07T16:42:10Z" data-provider="getDatas" finished-at="2019-05-07T16:42:11Z">
          <params>
            <param index="0">
              <value>
                <![CDATA[ApiCaseDetail [caseId=28, apiId=10, isExcute=Y, requestData={"id":"1"}, expectedResponseData={"status":1,"code":"10001","data":[{"id":null,"investId":"1","createTime":"2018-04-27 12:24:01","terms":"1","unfinishedInterest":"1.0","unfinishedPrincipal":"0","repaymentDate":"2018-05-27 12:24:01","actualRepaymentDate":null,"status":"0"},{"id":null,"investId":"1","createTime":"2018-04-27 12:24:01","terms":"2","unfinishedInterest":"1.0","unfinishedPrincipal":"0","repaymentDate":"2018-06-27 12:24:01","actualRepaymentDate":null,"status":"0"},{"id":null,"investId":"1","createTime":"2018-04-27 12:24:01","terms":"3","unfinishedInterest":"1.0","unfinishedPrincipal":"100.00","repaymentDate":"2018-07-27 12:24:01","actualRepaymentDate":null,"status":"0"}],"msg":"生成回款计划成功"}, actualResponseData=, sqlCheckResult=, reqHeader=[{"headerName":"Cookie","paramName":"cookie"}], respHeader=, extractRespData=, assertKeyInfo=[{"jsonPath":"$.msg","expectedValue":"生成回款计划成功"}], apiInfo=ApiInfo [apiId=10, apiName=generateRepayments, type=post, url=http://192.168.0.99:9000/futureloan/mvc/api/loan/generateRepayments, getRowNo()=11], beforeSqlList=[SqlChecker [sqlId=17, caseId=28, type=before, sql=select count(1) as totalNum from repayment where InvestId=1, expectedResult=[{"totalNum":"0"}], actualResult=, checkResult=, getRowNo()=18]], afterSqlList=[SqlChecker [sqlId=18, caseId=28, type=after, sql=select count(1) as totalNum from repayment where InvestId=1, expectedResult=[{"totalNum":"3"}], actualResult=, checkResult=, getRowNo()=19], SqlChecker [sqlId=19, caseId=28, type=after, sql=select Terms,UnfinishedInterest,UnfinishedPrincipal,`Status` from repayment where InvestId=1, expectedResult=[{"Terms":"1","UnfinishedInterest":"1.00","UnfinishedPrincipal":"0.00","Status":"0"},{"Terms":"2","UnfinishedInterest":"1.00","UnfinishedPrincipal":"0.00","Status":"0"},{"Terms":"3","UnfinishedInterest":"1.00","UnfinishedPrincipal":"100.00","Status":"0"}], actualResult=, checkResult=, getRowNo()=20]], getRowNo()=29]]]>
              </value>
            </param>
          </params>
          <reporter-output>
          </reporter-output>
        </test-method> <!-- request -->
        <test-method status="PASS" signature="afterSuite()[pri:0, instance:api.advanced.data_check_cookies.testcase.AllTestCase@5f2050f6]" name="afterSuite" is-config="true" duration-ms="255" started-at="2019-05-07T16:42:11Z" finished-at="2019-05-07T16:42:11Z">
          <reporter-output>
          </reporter-output>
        </test-method> <!-- afterSuite -->
      </class> <!-- api.advanced.data_check_cookies.testcase.AllTestCase -->
    </test> <!-- Default test -->
  </suite> <!-- Default suite -->
</testng-results>
