<?xml version="1.0" encoding="UTF-8"?>
<!-- Generated by org.testng.reporters.JUnitXMLReporter -->
<testsuite hostname="DESKTOP-JTCN2O7" name="Default test" tests="22" failures="0" timestamp="31 May 2019 03:47:21 GMT" time="3.238" errors="0">
  <testcase name="get" time="0.828" classname="base05.test.ExcelUtilsTest"/>
  <testcase name="get" time="0.067" classname="base05.test.ExcelUtilsTest"/>
  <testcase name="get" time="0.067" classname="base05.test.ExcelUtilsTest"/>
  <testcase name="get" time="0.067" classname="base05.test.ExcelUtilsTest"/>
  <testcase name="get" time="0.074" classname="base05.test.ExcelUtilsTest"/>
  <testcase name="get" time="0.063" classname="base05.test.ExcelUtilsTest"/>
  <testcase name="get" time="0.07" classname="base05.test.ExcelUtilsTest"/>
  <testcase name="get" time="0.066" classname="base05.test.ExcelUtilsTest"/>
  <testcase name="get" time="0.07" classname="base05.test.ExcelUtilsTest"/>
  <testcase name="get" time="0.075" classname="base05.test.ExcelUtilsTest"/>
  <testcase name="get" time="0.062" classname="base05.test.ExcelUtilsTest"/>
  <testcase name="post" time="0.07" classname="base05.test.ExcelUtilsTest"/>
  <testcase name="post" time="0.071" classname="base05.test.ExcelUtilsTest"/>
  <testcase name="post" time="0.072" classname="base05.test.ExcelUtilsTest"/>
  <testcase name="post" time="0.061" classname="base05.test.ExcelUtilsTest"/>
  <testcase name="post" time="0.072" classname="base05.test.ExcelUtilsTest"/>
  <testcase name="post" time="0.076" classname="base05.test.ExcelUtilsTest"/>
  <testcase name="post" time="0.068" classname="base05.test.ExcelUtilsTest"/>
  <testcase name="post" time="0.074" classname="base05.test.ExcelUtilsTest"/>
  <testcase name="post" time="0.064" classname="base05.test.ExcelUtilsTest"/>
  <testcase name="post" time="0.062" classname="base05.test.ExcelUtilsTest"/>
  <testcase name="post" time="0.072" classname="base05.test.ExcelUtilsTest"/>
</testsuite> <!-- Default test -->
