<?xml version="1.0" encoding="UTF-8"?>
<!-- Generated by org.testng.reporters.JUnitXMLReporter -->
<testsuite hostname="DESKTOP-HLE2G3S" name="Default test" tests="28" failures="0" timestamp="7 Jul 2019 09:22:00 GMT" time="13.453" errors="0">
  <testcase name="get" time="3.46" classname="base10.test.ExcelUtilsTest"/>
  <testcase name="get" time="0.893" classname="base10.test.ExcelUtilsTest"/>
  <testcase name="get" time="0.008" classname="base10.test.ExcelUtilsTest"/>
  <testcase name="get" time="0.006" classname="base10.test.ExcelUtilsTest"/>
  <testcase name="get" time="0.006" classname="base10.test.ExcelUtilsTest"/>
  <testcase name="get" time="0.006" classname="base10.test.ExcelUtilsTest"/>
  <testcase name="get" time="1.049" classname="base10.test.ExcelUtilsTest"/>
  <testcase name="get" time="0.006" classname="base10.test.ExcelUtilsTest"/>
  <testcase name="get" time="0.005" classname="base10.test.ExcelUtilsTest"/>
  <testcase name="get" time="0.051" classname="base10.test.ExcelUtilsTest"/>
  <testcase name="get" time="0.05" classname="base10.test.ExcelUtilsTest"/>
  <testcase name="get" time="0.047" classname="base10.test.ExcelUtilsTest"/>
  <testcase name="get" time="0.006" classname="base10.test.ExcelUtilsTest"/>
  <testcase name="get" time="0.83" classname="base10.test.ExcelUtilsTest"/>
  <testcase name="get" time="0.008" classname="base10.test.ExcelUtilsTest"/>
  <testcase name="get" time="0.009" classname="base10.test.ExcelUtilsTest"/>
  <testcase name="get" time="0.043" classname="base10.test.ExcelUtilsTest"/>
  <testcase name="get" time="0.004" classname="base10.test.ExcelUtilsTest"/>
  <testcase name="get" time="0.233" classname="base10.test.ExcelUtilsTest"/>
  <testcase name="get" time="0.134" classname="base10.test.ExcelUtilsTest"/>
  <testcase name="get" time="0.044" classname="base10.test.ExcelUtilsTest"/>
  <testcase name="get" time="0.087" classname="base10.test.ExcelUtilsTest"/>
  <testcase name="get" time="1.544" classname="base10.test.ExcelUtilsTest"/>
  <testcase name="get" time="2.175" classname="base10.test.ExcelUtilsTest"/>
  <testcase name="get" time="0.44" classname="base10.test.ExcelUtilsTest"/>
  <testcase name="get" time="0.34" classname="base10.test.ExcelUtilsTest"/>
  <testcase name="get" time="0.396" classname="base10.test.ExcelUtilsTest"/>
  <testcase name="get" time="0.966" classname="base10.test.ExcelUtilsTest"/>
</testsuite> <!-- Default test -->
