<?xml version="1.0" encoding="UTF-8"?>
<testng-results skipped="0" failed="0" total="1" passed="1">
  <reporter-output>
  </reporter-output>
  <suite name="All_Test_Suite" duration-ms="777" started-at="2019-05-11T01:33:54Z" finished-at="2019-05-11T01:33:55Z">
    <groups>
    </groups>
    <test name="Web_Auto_Test" duration-ms="777" started-at="2019-05-11T01:33:54Z" finished-at="2019-05-11T01:33:55Z">
      <class name="web.base02.Locate_Method_01">
        <test-method status="PASS" signature="beforeTestSuite(java.lang.String, java.lang.String, java.lang.String)[pri:0, instance:web.base02.Locate_Method_01@6debcae2]" name="beforeTestSuite" is-config="true" duration-ms="2921" started-at="2019-05-11T09:33:51Z" finished-at="2019-05-11T09:33:54Z">
          <params>
            <param index="0">
              <value>
                <![CDATA[chrome]]>
              </value>
            </param>
            <param index="1">
              <value>
                <![CDATA[2.x]]>
              </value>
            </param>
            <param index="2">
              <value>
                <![CDATA[src/main/resources/drivers/company/chromedriver.exe]]>
              </value>
            </param>
          </params>
          <reporter-output>
          </reporter-output>
        </test-method> <!-- beforeTestSuite -->
        <test-method status="PASS" signature="test_case_02()[pri:0, instance:web.base02.Locate_Method_01@6debcae2]" name="test_case_02" duration-ms="770" started-at="2019-05-11T09:33:54Z" finished-at="2019-05-11T09:33:55Z">
          <reporter-output>
          </reporter-output>
        </test-method> <!-- test_case_02 -->
        <test-method status="PASS" signature="afterTestSuite()[pri:0, instance:web.base02.Locate_Method_01@6debcae2]" name="afterTestSuite" is-config="true" duration-ms="5818" started-at="2019-05-11T09:33:55Z" finished-at="2019-05-11T09:34:01Z">
          <reporter-output>
          </reporter-output>
        </test-method> <!-- afterTestSuite -->
      </class> <!-- web.base02.Locate_Method_01 -->
    </test> <!-- Web_Auto_Test -->
  </suite> <!-- All_Test_Suite -->
</testng-results>
