<?xml version="1.0" encoding="UTF-8"?>
<!-- Generated by org.testng.reporters.JUnitXMLReporter -->
<testsuite hostname="DESKTOP-HLE2G3S" name="Default test" tests="28" failures="0" timestamp="11 May 2019 05:05:58 GMT" time="7.413" errors="0">
  <testcase name="request" time="1.782" classname="api_auto_test.testcase.AllTestCase"/>
  <testcase name="request" time="0.282" classname="api_auto_test.testcase.AllTestCase"/>
  <testcase name="request" time="0.005" classname="api_auto_test.testcase.AllTestCase"/>
  <testcase name="request" time="0.006" classname="api_auto_test.testcase.AllTestCase"/>
  <testcase name="request" time="0.005" classname="api_auto_test.testcase.AllTestCase"/>
  <testcase name="request" time="0.006" classname="api_auto_test.testcase.AllTestCase"/>
  <testcase name="request" time="0.336" classname="api_auto_test.testcase.AllTestCase"/>
  <testcase name="request" time="0.004" classname="api_auto_test.testcase.AllTestCase"/>
  <testcase name="request" time="0.004" classname="api_auto_test.testcase.AllTestCase"/>
  <testcase name="request" time="0.011" classname="api_auto_test.testcase.AllTestCase"/>
  <testcase name="request" time="0.01" classname="api_auto_test.testcase.AllTestCase"/>
  <testcase name="request" time="0.007" classname="api_auto_test.testcase.AllTestCase"/>
  <testcase name="request" time="0.005" classname="api_auto_test.testcase.AllTestCase"/>
  <testcase name="request" time="0.627" classname="api_auto_test.testcase.AllTestCase"/>
  <testcase name="request" time="0.008" classname="api_auto_test.testcase.AllTestCase"/>
  <testcase name="request" time="0.006" classname="api_auto_test.testcase.AllTestCase"/>
  <testcase name="request" time="0.008" classname="api_auto_test.testcase.AllTestCase"/>
  <testcase name="request" time="0.009" classname="api_auto_test.testcase.AllTestCase"/>
  <testcase name="request" time="0.027" classname="api_auto_test.testcase.AllTestCase"/>
  <testcase name="request" time="0.015" classname="api_auto_test.testcase.AllTestCase"/>
  <testcase name="request" time="0.007" classname="api_auto_test.testcase.AllTestCase"/>
  <testcase name="request" time="0.014" classname="api_auto_test.testcase.AllTestCase"/>
  <testcase name="request" time="0.535" classname="api_auto_test.testcase.AllTestCase"/>
  <testcase name="request" time="1.218" classname="api_auto_test.testcase.AllTestCase"/>
  <testcase name="request" time="0.345" classname="api_auto_test.testcase.AllTestCase"/>
  <testcase name="request" time="0.299" classname="api_auto_test.testcase.AllTestCase"/>
  <testcase name="request" time="0.319" classname="api_auto_test.testcase.AllTestCase"/>
  <testcase name="request" time="0.901" classname="api_auto_test.testcase.AllTestCase"/>
</testsuite> <!-- Default test -->
