<?xml version="1.0" encoding="UTF-8"?>
<!-- Generated by org.testng.reporters.JUnitXMLReporter -->
<testsuite hostname="DESKTOP-HLE2G3S" name="Default test" tests="10" failures="0" timestamp="3 Apr 2019 12:37:01 GMT" time="1.836" errors="0">
  <testcase name="get" time="0.719" classname="api.advanced.json.MediumGet1WithExcelUtils"/>
  <testcase name="get" time="0.079" classname="api.advanced.json.MediumGet1WithExcelUtils"/>
  <testcase name="get" time="0.074" classname="api.advanced.json.MediumGet1WithExcelUtils"/>
  <testcase name="get" time="0.072" classname="api.advanced.json.MediumGet1WithExcelUtils"/>
  <testcase name="get" time="0.07" classname="api.advanced.json.MediumGet1WithExcelUtils"/>
  <testcase name="post" time="0.062" classname="api.advanced.json.MediumGet1WithExcelUtils"/>
  <testcase name="post" time="0.064" classname="api.advanced.json.MediumGet1WithExcelUtils"/>
  <testcase name="post" time="0.064" classname="api.advanced.json.MediumGet1WithExcelUtils"/>
  <testcase name="post" time="0.071" classname="api.advanced.json.MediumGet1WithExcelUtils"/>
  <testcase name="post" time="0.068" classname="api.advanced.json.MediumGet1WithExcelUtils"/>
</testsuite> <!-- Default test -->
