<?xml version="1.0" encoding="UTF-8"?>
<!-- Generated by org.testng.reporters.JUnitXMLReporter -->
<testsuite hostname="DESKTOP-JTCN2O7" name="Default test" tests="6" failures="0" timestamp="9 May 2019 09:05:15 GMT" time="1.059" errors="0">
  <testcase name="f3" time="0.014" classname="com.testng1.NoNormalMethod"/>
  <testcase name="f4" time="1.008" classname="com.testng1.NoNormalMethod"/>
  <testcase name="f5" time="0.002" classname="com.testng1.NoNormalMethod"/>
  <testcase name="f7" time="0.002" classname="com.testng1.NoNormalMethod"/>
  <testcase name="f6" time="0.002" classname="com.testng1.NoNormalMethod"/>
  <testcase name="f1" time="0.002" classname="com.testng1.NoNormalMethod"/>
</testsuite> <!-- Default test -->
