<?xml version="1.0" encoding="UTF-8"?>
<testng-results skipped="0" failed="0" total="28" passed="28">
  <reporter-output>
  </reporter-output>
  <suite name="Default suite" duration-ms="9528" started-at="2019-06-09T11:32:19Z" finished-at="2019-06-09T11:32:29Z">
    <groups>
    </groups>
    <test name="Default test" duration-ms="9528" started-at="2019-06-09T11:32:19Z" finished-at="2019-06-09T11:32:29Z">
      <class name="base08.test.ExcelUtilsTest">
        <test-method status="PASS" signature="beforeSuite()[pri:0, instance:base08.test.ExcelUtilsTest@34033bd0]" name="beforeSuite" is-config="true" duration-ms="7" started-at="2019-06-09T19:32:19Z" finished-at="2019-06-09T19:32:19Z">
          <reporter-output>
          </reporter-output>
        </test-method> <!-- beforeSuite -->
        <test-method status="PASS" signature="get(base08.pojo.ApiCaseDetail)[pri:0, instance:base08.test.ExcelUtilsTest@34033bd0]" name="get" duration-ms="1894" started-at="2019-06-09T19:32:20Z" data-provider="apitest" finished-at="2019-06-09T19:32:22Z">
          <params>
            <param index="0">
              <value>
                <![CDATA[ApiCaseDetail [caseId=1, apiId=1, isExcute=Y, requestData={"mobilephone":"13999888819","pwd":"123456","regname":"test"}, expectedResponseData={"status":0,"code":"20110","data":null,"msg":"手机号码已被注册"}, actualResponseData=, sqlCheckResult=, apiInfo=ApiInfo [apiId=1, apiName=register, type=gEt, url=http://120.78.128.25:8080/futureloan/mvc/api/member/register, getRowNo()=2], beforeSqlCheckerList=[SqlChecker [sqlId=1, caseId=1, type=before, sql=select count(*) from member where MobilePhone='13666666666';, expectedResult=[{"count(*)":"0"}], actualResult=, checkResult=, getRowNo()=2]], afterSqlCheckerList=[SqlChecker [sqlId=2, caseId=1, type=after, sql=select count(*) from member where MobilePhone='13666666666';, expectedResult=[{"count(*)":"1"}], actualResult=, checkResult=, getRowNo()=3], SqlChecker [sqlId=3, caseId=1, type=after, sql=select leaveamount,Type from member where MobilePhone='13666666666';, expectedResult=[{"leaveamount":"0.00","Type":"1"}], actualResult=, checkResult=, getRowNo()=4]], getRowNo()=2]]]>
              </value>
            </param>
          </params>
          <reporter-output>
          </reporter-output>
        </test-method> <!-- get -->
        <test-method status="PASS" signature="get(base08.pojo.ApiCaseDetail)[pri:0, instance:base08.test.ExcelUtilsTest@34033bd0]" name="get" duration-ms="380" started-at="2019-06-09T19:32:22Z" data-provider="apitest" finished-at="2019-06-09T19:32:22Z">
          <params>
            <param index="0">
              <value>
                <![CDATA[ApiCaseDetail [caseId=2, apiId=1, isExcute=Y, requestData={"mobilephone":"13999888819","pwd":"123456","regname":"test"}, expectedResponseData={"status":0,"code":"20110","data":null,"msg":"手机号码已被注册"}, actualResponseData=, sqlCheckResult=, apiInfo=ApiInfo [apiId=1, apiName=register, type=gEt, url=http://120.78.128.25:8080/futureloan/mvc/api/member/register, getRowNo()=2], beforeSqlCheckerList=[SqlChecker [sqlId=4, caseId=2, type=before, sql=select count(*) from member where MobilePhone='13666666666';, expectedResult=[{"count(*)":"1"}], actualResult=, checkResult=, getRowNo()=5]], afterSqlCheckerList=null, getRowNo()=3]]]>
              </value>
            </param>
          </params>
          <reporter-output>
          </reporter-output>
        </test-method> <!-- get -->
        <test-method status="PASS" signature="get(base08.pojo.ApiCaseDetail)[pri:0, instance:base08.test.ExcelUtilsTest@34033bd0]" name="get" duration-ms="93" started-at="2019-06-09T19:32:22Z" data-provider="apitest" finished-at="2019-06-09T19:32:22Z">
          <params>
            <param index="0">
              <value>
                <![CDATA[ApiCaseDetail [caseId=3, apiId=1, isExcute=Y, requestData={"mobilephone":"13999888819","pwd":"","regname":"test"}, expectedResponseData={"status":0,"code":"20103","data":null,"msg":"密码不能为空"}, actualResponseData=, sqlCheckResult=, apiInfo=ApiInfo [apiId=1, apiName=register, type=gEt, url=http://120.78.128.25:8080/futureloan/mvc/api/member/register, getRowNo()=2], beforeSqlCheckerList=null, afterSqlCheckerList=null, getRowNo()=4]]]>
              </value>
            </param>
          </params>
          <reporter-output>
          </reporter-output>
        </test-method> <!-- get -->
        <test-method status="PASS" signature="get(base08.pojo.ApiCaseDetail)[pri:0, instance:base08.test.ExcelUtilsTest@34033bd0]" name="get" duration-ms="79" started-at="2019-06-09T19:32:22Z" data-provider="apitest" finished-at="2019-06-09T19:32:22Z">
          <params>
            <param index="0">
              <value>
                <![CDATA[ApiCaseDetail [caseId=4, apiId=1, isExcute=Y, requestData={"mobilephone":"","pwd":"","regname":"test"}, expectedResponseData={"status":0,"code":"20103","data":null,"msg":"手机号不能为空"}, actualResponseData=, sqlCheckResult=, apiInfo=ApiInfo [apiId=1, apiName=register, type=gEt, url=http://120.78.128.25:8080/futureloan/mvc/api/member/register, getRowNo()=2], beforeSqlCheckerList=null, afterSqlCheckerList=null, getRowNo()=5]]]>
              </value>
            </param>
          </params>
          <reporter-output>
          </reporter-output>
        </test-method> <!-- get -->
        <test-method status="PASS" signature="get(base08.pojo.ApiCaseDetail)[pri:0, instance:base08.test.ExcelUtilsTest@34033bd0]" name="get" duration-ms="80" started-at="2019-06-09T19:32:22Z" data-provider="apitest" finished-at="2019-06-09T19:32:22Z">
          <params>
            <param index="0">
              <value>
                <![CDATA[ApiCaseDetail [caseId=5, apiId=1, isExcute=N, requestData={"mobilephone":"135","pwd":"123456","regname":"test"}, expectedResponseData={"status":0,"code":"20109","data":null,"msg":"手机号码格式不正确"}, actualResponseData=, sqlCheckResult=, apiInfo=ApiInfo [apiId=1, apiName=register, type=gEt, url=http://120.78.128.25:8080/futureloan/mvc/api/member/register, getRowNo()=2], beforeSqlCheckerList=null, afterSqlCheckerList=null, getRowNo()=6]]]>
              </value>
            </param>
          </params>
          <reporter-output>
          </reporter-output>
        </test-method> <!-- get -->
        <test-method status="PASS" signature="get(base08.pojo.ApiCaseDetail)[pri:0, instance:base08.test.ExcelUtilsTest@34033bd0]" name="get" duration-ms="88" started-at="2019-06-09T19:32:22Z" data-provider="apitest" finished-at="2019-06-09T19:32:22Z">
          <params>
            <param index="0">
              <value>
                <![CDATA[ApiCaseDetail [caseId=6, apiId=1, isExcute=Y, requestData={"mobilephone":"13999888819","pwd":"123","regname":"test"}, expectedResponseData={"status":0,"code":"20108","data":null,"msg":"密码长度必须为6~18"}, actualResponseData=, sqlCheckResult=, apiInfo=ApiInfo [apiId=1, apiName=register, type=gEt, url=http://120.78.128.25:8080/futureloan/mvc/api/member/register, getRowNo()=2], beforeSqlCheckerList=null, afterSqlCheckerList=null, getRowNo()=7]]]>
              </value>
            </param>
          </params>
          <reporter-output>
          </reporter-output>
        </test-method> <!-- get -->
        <test-method status="PASS" signature="get(base08.pojo.ApiCaseDetail)[pri:0, instance:base08.test.ExcelUtilsTest@34033bd0]" name="get" duration-ms="403" started-at="2019-06-09T19:32:22Z" data-provider="apitest" finished-at="2019-06-09T19:32:23Z">
          <params>
            <param index="0">
              <value>
                <![CDATA[ApiCaseDetail [caseId=7, apiId=2, isExcute=Y, requestData={"mobilephone":"13999888819","pwd":"123456"}, expectedResponseData={"status":1,"code":"10001","data":null,"msg":"登录成功"}, actualResponseData=, sqlCheckResult=, apiInfo=ApiInfo [apiId=2, apiName=login, type=Post, url=http://120.78.128.25:8080/futureloan/mvc/api/member/login, getRowNo()=3], beforeSqlCheckerList=[SqlChecker [sqlId=5, caseId=7, type=before, sql=select count(*) from member where MobilePhone='13666666666';, expectedResult=[{"count(*)":"1"}], actualResult=, checkResult=, getRowNo()=6]], afterSqlCheckerList=null, getRowNo()=8]]]>
              </value>
            </param>
          </params>
          <reporter-output>
          </reporter-output>
        </test-method> <!-- get -->
        <test-method status="PASS" signature="get(base08.pojo.ApiCaseDetail)[pri:0, instance:base08.test.ExcelUtilsTest@34033bd0]" name="get" duration-ms="75" started-at="2019-06-09T19:32:23Z" data-provider="apitest" finished-at="2019-06-09T19:32:23Z">
          <params>
            <param index="0">
              <value>
                <![CDATA[ApiCaseDetail [caseId=8, apiId=2, isExcute=Y, requestData={"mobilephone":"13999888819","pwd":""}, expectedResponseData={"status":0,"code":"20103","data":null,"msg":"密码不能为空"}, actualResponseData=, sqlCheckResult=, apiInfo=ApiInfo [apiId=2, apiName=login, type=Post, url=http://120.78.128.25:8080/futureloan/mvc/api/member/login, getRowNo()=3], beforeSqlCheckerList=null, afterSqlCheckerList=null, getRowNo()=9]]]>
              </value>
            </param>
          </params>
          <reporter-output>
          </reporter-output>
        </test-method> <!-- get -->
        <test-method status="PASS" signature="get(base08.pojo.ApiCaseDetail)[pri:0, instance:base08.test.ExcelUtilsTest@34033bd0]" name="get" duration-ms="82" started-at="2019-06-09T19:32:23Z" data-provider="apitest" finished-at="2019-06-09T19:32:23Z">
          <params>
            <param index="0">
              <value>
                <![CDATA[ApiCaseDetail [caseId=9, apiId=2, isExcute=Y, requestData={"mobilephone":"","pwd":"123456"}, expectedResponseData={"status":0,"code":"20103","data":null,"msg":"手机号不能为空"}, actualResponseData=, sqlCheckResult=, apiInfo=ApiInfo [apiId=2, apiName=login, type=Post, url=http://120.78.128.25:8080/futureloan/mvc/api/member/login, getRowNo()=3], beforeSqlCheckerList=null, afterSqlCheckerList=null, getRowNo()=10]]]>
              </value>
            </param>
          </params>
          <reporter-output>
          </reporter-output>
        </test-method> <!-- get -->
        <test-method status="PASS" signature="get(base08.pojo.ApiCaseDetail)[pri:0, instance:base08.test.ExcelUtilsTest@34033bd0]" name="get" duration-ms="67" started-at="2019-06-09T19:32:23Z" data-provider="apitest" finished-at="2019-06-09T19:32:23Z">
          <params>
            <param index="0">
              <value>
                <![CDATA[ApiCaseDetail [caseId=10, apiId=2, isExcute=Y, requestData={"mobilephone":"13666666665","pwd":"123456"}, expectedResponseData={"status":0,"code":"20111","data":null,"msg":"用户名或密码错误"}, actualResponseData=, sqlCheckResult=, apiInfo=ApiInfo [apiId=2, apiName=login, type=Post, url=http://120.78.128.25:8080/futureloan/mvc/api/member/login, getRowNo()=3], beforeSqlCheckerList=null, afterSqlCheckerList=null, getRowNo()=11]]]>
              </value>
            </param>
          </params>
          <reporter-output>
          </reporter-output>
        </test-method> <!-- get -->
        <test-method status="PASS" signature="get(base08.pojo.ApiCaseDetail)[pri:0, instance:base08.test.ExcelUtilsTest@34033bd0]" name="get" duration-ms="70" started-at="2019-06-09T19:32:23Z" data-provider="apitest" finished-at="2019-06-09T19:32:23Z">
          <params>
            <param index="0">
              <value>
                <![CDATA[ApiCaseDetail [caseId=11, apiId=2, isExcute=Y, requestData={"mobilephone":"13999888819","pwd":"1234567"}, expectedResponseData={"status":0,"code":"20111","data":null,"msg":"用户名或密码错误"}, actualResponseData=, sqlCheckResult=, apiInfo=ApiInfo [apiId=2, apiName=login, type=Post, url=http://120.78.128.25:8080/futureloan/mvc/api/member/login, getRowNo()=3], beforeSqlCheckerList=null, afterSqlCheckerList=null, getRowNo()=12]]]>
              </value>
            </param>
          </params>
          <reporter-output>
          </reporter-output>
        </test-method> <!-- get -->
        <test-method status="PASS" signature="get(base08.pojo.ApiCaseDetail)[pri:0, instance:base08.test.ExcelUtilsTest@34033bd0]" name="get" duration-ms="69" started-at="2019-06-09T19:32:23Z" data-provider="apitest" finished-at="2019-06-09T19:32:23Z">
          <params>
            <param index="0">
              <value>
                <![CDATA[ApiCaseDetail [caseId=12, apiId=3, isExcute=Y, requestData={"mobilephone":"13666666665","amount":"100"}, expectedResponseData={"status":0,"code":"20104","data":null,"msg":"此手机号对应的会员不存在"}, actualResponseData=, sqlCheckResult=, apiInfo=ApiInfo [apiId=3, apiName=recharge, type=post, url=http://120.78.128.25:8080/futureloan/mvc/api/member/recharge, getRowNo()=4], beforeSqlCheckerList=null, afterSqlCheckerList=null, getRowNo()=13]]]>
              </value>
            </param>
          </params>
          <reporter-output>
          </reporter-output>
        </test-method> <!-- get -->
        <test-method status="PASS" signature="get(base08.pojo.ApiCaseDetail)[pri:0, instance:base08.test.ExcelUtilsTest@34033bd0]" name="get" duration-ms="75" started-at="2019-06-09T19:32:23Z" data-provider="apitest" finished-at="2019-06-09T19:32:23Z">
          <params>
            <param index="0">
              <value>
                <![CDATA[ApiCaseDetail [caseId=13, apiId=3, isExcute=Y, requestData={"mobilephone":"13999888819","amount":"-100"}, expectedResponseData={"status":0,"code":"20117","data":null,"msg":"请输入范围在0到50万之间的正数金额"}, actualResponseData=, sqlCheckResult=, apiInfo=ApiInfo [apiId=3, apiName=recharge, type=post, url=http://120.78.128.25:8080/futureloan/mvc/api/member/recharge, getRowNo()=4], beforeSqlCheckerList=null, afterSqlCheckerList=null, getRowNo()=14]]]>
              </value>
            </param>
          </params>
          <reporter-output>
          </reporter-output>
        </test-method> <!-- get -->
        <test-method status="PASS" signature="get(base08.pojo.ApiCaseDetail)[pri:0, instance:base08.test.ExcelUtilsTest@34033bd0]" name="get" duration-ms="667" started-at="2019-06-09T19:32:23Z" data-provider="apitest" finished-at="2019-06-09T19:32:24Z">
          <params>
            <param index="0">
              <value>
                <![CDATA[ApiCaseDetail [caseId=14, apiId=3, isExcute=Y, requestData={"mobilephone":"13999888819","amount":"10000","regname":"test"}, expectedResponseData=充值成功, actualResponseData=, sqlCheckResult=, apiInfo=ApiInfo [apiId=3, apiName=recharge, type=post, url=http://120.78.128.25:8080/futureloan/mvc/api/member/recharge, getRowNo()=4], beforeSqlCheckerList=[SqlChecker [sqlId=6, caseId=14, type=before, sql=select LeaveAmount from member where MobilePhone='13666666666', expectedResult=[{"LeaveAmount":"0.00"}], actualResult=, checkResult=, getRowNo()=7]], afterSqlCheckerList=[SqlChecker [sqlId=7, caseId=14, type=after, sql=select LeaveAmount from member where MobilePhone='13666666666', expectedResult=[{"LeaveAmount":"10000.00"}], actualResult=, checkResult=, getRowNo()=8]], getRowNo()=15]]]>
              </value>
            </param>
          </params>
          <reporter-output>
          </reporter-output>
        </test-method> <!-- get -->
        <test-method status="PASS" signature="get(base08.pojo.ApiCaseDetail)[pri:0, instance:base08.test.ExcelUtilsTest@34033bd0]" name="get" duration-ms="82" started-at="2019-06-09T19:32:24Z" data-provider="apitest" finished-at="2019-06-09T19:32:24Z">
          <params>
            <param index="0">
              <value>
                <![CDATA[ApiCaseDetail [caseId=15, apiId=3, isExcute=Y, requestData={"mobilephone":"138888","amount":"100"}, expectedResponseData={"status":0,"code":"20109","data":null,"msg":"手机号码格式不正确"}, actualResponseData=, sqlCheckResult=, apiInfo=ApiInfo [apiId=3, apiName=recharge, type=post, url=http://120.78.128.25:8080/futureloan/mvc/api/member/recharge, getRowNo()=4], beforeSqlCheckerList=null, afterSqlCheckerList=null, getRowNo()=16]]]>
              </value>
            </param>
          </params>
          <reporter-output>
          </reporter-output>
        </test-method> <!-- get -->
        <test-method status="PASS" signature="get(base08.pojo.ApiCaseDetail)[pri:0, instance:base08.test.ExcelUtilsTest@34033bd0]" name="get" duration-ms="75" started-at="2019-06-09T19:32:24Z" data-provider="apitest" finished-at="2019-06-09T19:32:24Z">
          <params>
            <param index="0">
              <value>
                <![CDATA[ApiCaseDetail [caseId=16, apiId=3, isExcute=Y, requestData={"mobilephone":"13999888819","amount":"abc"}, expectedResponseData={"status":0,"code":"20118","data":null,"msg":"请输入数字"}, actualResponseData=, sqlCheckResult=, apiInfo=ApiInfo [apiId=3, apiName=recharge, type=post, url=http://120.78.128.25:8080/futureloan/mvc/api/member/recharge, getRowNo()=4], beforeSqlCheckerList=null, afterSqlCheckerList=null, getRowNo()=17]]]>
              </value>
            </param>
          </params>
          <reporter-output>
          </reporter-output>
        </test-method> <!-- get -->
        <test-method status="PASS" signature="get(base08.pojo.ApiCaseDetail)[pri:0, instance:base08.test.ExcelUtilsTest@34033bd0]" name="get" duration-ms="75" started-at="2019-06-09T19:32:24Z" data-provider="apitest" finished-at="2019-06-09T19:32:24Z">
          <params>
            <param index="0">
              <value>
                <![CDATA[ApiCaseDetail [caseId=17, apiId=4, isExcute=Y, requestData={"mobilephone":"13999888819","amount":"-100"}, expectedResponseData={"status":0,"code":"20117","data":null,"msg":"请输入范围在0到50万之间的正数金额"}, actualResponseData=, sqlCheckResult=, apiInfo=ApiInfo [apiId=4, apiName=withdraw, type=post, url=http://120.78.128.25:8080/futureloan/mvc/api/member/withdraw, getRowNo()=5], beforeSqlCheckerList=null, afterSqlCheckerList=null, getRowNo()=18]]]>
              </value>
            </param>
          </params>
          <reporter-output>
          </reporter-output>
        </test-method> <!-- get -->
        <test-method status="PASS" signature="get(base08.pojo.ApiCaseDetail)[pri:0, instance:base08.test.ExcelUtilsTest@34033bd0]" name="get" duration-ms="81" started-at="2019-06-09T19:32:24Z" data-provider="apitest" finished-at="2019-06-09T19:32:24Z">
          <params>
            <param index="0">
              <value>
                <![CDATA[ApiCaseDetail [caseId=18, apiId=4, isExcute=Y, requestData={"mobilephone":"1388888000","amount":"100"}, expectedResponseData={"status":0,"code":"20109","data":null,"msg":"手机号码格式不正确"}, actualResponseData=, sqlCheckResult=, apiInfo=ApiInfo [apiId=4, apiName=withdraw, type=post, url=http://120.78.128.25:8080/futureloan/mvc/api/member/withdraw, getRowNo()=5], beforeSqlCheckerList=null, afterSqlCheckerList=null, getRowNo()=19]]]>
              </value>
            </param>
          </params>
          <reporter-output>
          </reporter-output>
        </test-method> <!-- get -->
        <test-method status="PASS" signature="get(base08.pojo.ApiCaseDetail)[pri:0, instance:base08.test.ExcelUtilsTest@34033bd0]" name="get" duration-ms="93" started-at="2019-06-09T19:32:24Z" data-provider="apitest" finished-at="2019-06-09T19:32:24Z">
          <params>
            <param index="0">
              <value>
                <![CDATA[ApiCaseDetail [caseId=19, apiId=4, isExcute=Y, requestData={"mobilephone":"13999888819","amount":"10000","regname":"test"}, expectedResponseData=取现成功, actualResponseData=, sqlCheckResult=, apiInfo=ApiInfo [apiId=4, apiName=withdraw, type=post, url=http://120.78.128.25:8080/futureloan/mvc/api/member/withdraw, getRowNo()=5], beforeSqlCheckerList=null, afterSqlCheckerList=null, getRowNo()=20]]]>
              </value>
            </param>
          </params>
          <reporter-output>
          </reporter-output>
        </test-method> <!-- get -->
        <test-method status="PASS" signature="get(base08.pojo.ApiCaseDetail)[pri:0, instance:base08.test.ExcelUtilsTest@34033bd0]" name="get" duration-ms="80" started-at="2019-06-09T19:32:24Z" data-provider="apitest" finished-at="2019-06-09T19:32:24Z">
          <params>
            <param index="0">
              <value>
                <![CDATA[ApiCaseDetail [caseId=20, apiId=4, isExcute=Y, requestData={"mobilephone":"13999888819","amount":"0","regname":"test"}, expectedResponseData=取现成功, actualResponseData=, sqlCheckResult=, apiInfo=ApiInfo [apiId=4, apiName=withdraw, type=post, url=http://120.78.128.25:8080/futureloan/mvc/api/member/withdraw, getRowNo()=5], beforeSqlCheckerList=null, afterSqlCheckerList=null, getRowNo()=21]]]>
              </value>
            </param>
          </params>
          <reporter-output>
          </reporter-output>
        </test-method> <!-- get -->
        <test-method status="PASS" signature="get(base08.pojo.ApiCaseDetail)[pri:0, instance:base08.test.ExcelUtilsTest@34033bd0]" name="get" duration-ms="76" started-at="2019-06-09T19:32:24Z" data-provider="apitest" finished-at="2019-06-09T19:32:24Z">
          <params>
            <param index="0">
              <value>
                <![CDATA[ApiCaseDetail [caseId=21, apiId=4, isExcute=Y, requestData={"mobilephone":"13999888819","amount":"100"}, expectedResponseData={"status":1,"code":"20119","data":null,"msg":"余额不足，请修改提现额度"}, actualResponseData=, sqlCheckResult=, apiInfo=ApiInfo [apiId=4, apiName=withdraw, type=post, url=http://120.78.128.25:8080/futureloan/mvc/api/member/withdraw, getRowNo()=5], beforeSqlCheckerList=null, afterSqlCheckerList=null, getRowNo()=22]]]>
              </value>
            </param>
          </params>
          <reporter-output>
          </reporter-output>
        </test-method> <!-- get -->
        <test-method status="PASS" signature="get(base08.pojo.ApiCaseDetail)[pri:0, instance:base08.test.ExcelUtilsTest@34033bd0]" name="get" duration-ms="80" started-at="2019-06-09T19:32:24Z" data-provider="apitest" finished-at="2019-06-09T19:32:24Z">
          <params>
            <param index="0">
              <value>
                <![CDATA[ApiCaseDetail [caseId=22, apiId=7, isExcute=Y, requestData={"memberId":"1","title":"测试新增项目","loanRate":"12","loanTerm":"3","loanDateType":"2","repaymemtWay":"11","biddingDays":"5","amount":"100000"}, expectedResponseData={"status":0,"code":"20105","data":null,"msg":"不存在该会员"}, actualResponseData=, sqlCheckResult=, apiInfo=ApiInfo [apiId=7, apiName=add , type=post, url=http://120.78.128.25:8080/futureloan/mvc/api/loan/add, getRowNo()=8], beforeSqlCheckerList=null, afterSqlCheckerList=null, getRowNo()=23]]]>
              </value>
            </param>
          </params>
          <reporter-output>
          </reporter-output>
        </test-method> <!-- get -->
        <test-method status="PASS" signature="get(base08.pojo.ApiCaseDetail)[pri:0, instance:base08.test.ExcelUtilsTest@34033bd0]" name="get" duration-ms="706" started-at="2019-06-09T19:32:24Z" data-provider="apitest" finished-at="2019-06-09T19:32:25Z">
          <params>
            <param index="0">
              <value>
                <![CDATA[ApiCaseDetail [caseId=23, apiId=8, isExcute=Y, requestData={"id":"1","status":"4"}, expectedResponseData={"status":1,"code":"20206","data":null,"msg":"不存在该项目"}, actualResponseData=, sqlCheckResult=, apiInfo=ApiInfo [apiId=8, apiName=audit, type=post, url=http://120.78.128.25:8080/futureloan/mvc/api/loan/audit, getRowNo()=9], beforeSqlCheckerList=[SqlChecker [sqlId=8, caseId=23, type=before, sql=select `Status` from loan where Id=1, expectedResult=[{"Status":"1"}], actualResult=, checkResult=, getRowNo()=9]], afterSqlCheckerList=[SqlChecker [sqlId=9, caseId=23, type=after, sql=select `Status` from loan where Id=1, expectedResult=[{"Status":"4"}], actualResult=, checkResult=, getRowNo()=10]], getRowNo()=24]]]>
              </value>
            </param>
          </params>
          <reporter-output>
          </reporter-output>
        </test-method> <!-- get -->
        <test-method status="PASS" signature="get(base08.pojo.ApiCaseDetail)[pri:0, instance:base08.test.ExcelUtilsTest@34033bd0]" name="get" duration-ms="1324" started-at="2019-06-09T19:32:25Z" data-provider="apitest" finished-at="2019-06-09T19:32:26Z">
          <params>
            <param index="0">
              <value>
                <![CDATA[ApiCaseDetail [caseId=24, apiId=6, isExcute=Y, requestData={"memberId":"1","password":"123456","loanId":"1","amount":"100"}, expectedResponseData={"status":0,"code":"11008","data":null,"msg":"不存在该用户"}, actualResponseData=, sqlCheckResult=, apiInfo=ApiInfo [apiId=6, apiName=bidLoan, type=post, url=http://120.78.128.25:8080/futureloan/mvc/api/member/bidLoan, getRowNo()=7], beforeSqlCheckerList=[SqlChecker [sqlId=10, caseId=24, type=before, sql=select count(1) as loanNum from loan where id=1, expectedResult=[{"loanNum":"1"}], actualResult=, checkResult=, getRowNo()=11], SqlChecker [sqlId=11, caseId=24, type=before, sql=select LeaveAmount from member where MobilePhone='13666666666', expectedResult=[{"LeaveAmount":"10000.00"}], actualResult=, checkResult=, getRowNo()=12]], afterSqlCheckerList=[SqlChecker [sqlId=12, caseId=24, type=after, sql=select MemberID,LoanId,Amount,IsValid from invest order by id desc limit 1, expectedResult=[{"MemberID":"1","LoanId":"1","Amount":"100.00","IsValid":"1"}], actualResult=, checkResult=, getRowNo()=13], SqlChecker [sqlId=13, caseId=24, type=after, sql=select LeaveAmount from member where MobilePhone='13666666666', expectedResult=[{"LeaveAmount":"9900.00"}], actualResult=, checkResult=, getRowNo()=14]], getRowNo()=25]]]>
              </value>
            </param>
          </params>
          <reporter-output>
          </reporter-output>
        </test-method> <!-- get -->
        <test-method status="PASS" signature="get(base08.pojo.ApiCaseDetail)[pri:0, instance:base08.test.ExcelUtilsTest@34033bd0]" name="get" duration-ms="388" started-at="2019-06-09T19:32:26Z" data-provider="apitest" finished-at="2019-06-09T19:32:27Z">
          <params>
            <param index="0">
              <value>
                <![CDATA[ApiCaseDetail [caseId=25, apiId=6, isExcute=Y, requestData={"memberId":"1","password":"123456","loanId":"10000","amount":"100000"}, expectedResponseData={"status":0,"code":"11008","data":null,"msg":"不存在该用户"}, actualResponseData=, sqlCheckResult=, apiInfo=ApiInfo [apiId=6, apiName=bidLoan, type=post, url=http://120.78.128.25:8080/futureloan/mvc/api/member/bidLoan, getRowNo()=7], beforeSqlCheckerList=null, afterSqlCheckerList=[SqlChecker [sqlId=14, caseId=25, type=after, sql=select count(1) as loanNum from loan where id=10000, expectedResult=[{"loanNum":"0"}], actualResult=, checkResult=, getRowNo()=15]], getRowNo()=26]]]>
              </value>
            </param>
          </params>
          <reporter-output>
          </reporter-output>
        </test-method> <!-- get -->
        <test-method status="PASS" signature="get(base08.pojo.ApiCaseDetail)[pri:0, instance:base08.test.ExcelUtilsTest@34033bd0]" name="get" duration-ms="360" started-at="2019-06-09T19:32:27Z" data-provider="apitest" finished-at="2019-06-09T19:32:27Z">
          <params>
            <param index="0">
              <value>
                <![CDATA[ApiCaseDetail [caseId=26, apiId=10, isExcute=Y, requestData={"id":"1"}, expectedResponseData={"status":1,"code":"20403","data":null,"msg":"不存在该项目，生成回款计划失败"}, actualResponseData=, sqlCheckResult=, apiInfo=ApiInfo [apiId=10, apiName=generateRepayments, type=post, url=http://120.78.128.25:8080/futureloan/mvc/api/loan/generateRepayments, getRowNo()=11], beforeSqlCheckerList=null, afterSqlCheckerList=[SqlChecker [sqlId=15, caseId=26, type=after, sql=select count(1) as loanNum from loan where id=1 and `Status`=5, expectedResult=[{"loanNum":"0"}], actualResult=, checkResult=, getRowNo()=16]], getRowNo()=27]]]>
              </value>
            </param>
          </params>
          <reporter-output>
          </reporter-output>
        </test-method> <!-- get -->
        <test-method status="PASS" signature="get(base08.pojo.ApiCaseDetail)[pri:0, instance:base08.test.ExcelUtilsTest@34033bd0]" name="get" duration-ms="374" started-at="2019-06-09T19:32:27Z" data-provider="apitest" finished-at="2019-06-09T19:32:28Z">
          <params>
            <param index="0">
              <value>
                <![CDATA[ApiCaseDetail [caseId=27, apiId=8, isExcute=Y, requestData={"id":"1","status":"5"}, expectedResponseData={"status":1,"code":"20206","data":null,"msg":"不存在该项目"}, actualResponseData=, sqlCheckResult=, apiInfo=ApiInfo [apiId=8, apiName=audit, type=post, url=http://120.78.128.25:8080/futureloan/mvc/api/loan/audit, getRowNo()=9], beforeSqlCheckerList=null, afterSqlCheckerList=[SqlChecker [sqlId=16, caseId=27, type=after, sql=select `Status` from loan where Id=1, expectedResult=[{"Status":"5"}], actualResult=, checkResult=, getRowNo()=17]], getRowNo()=28]]]>
              </value>
            </param>
          </params>
          <reporter-output>
          </reporter-output>
        </test-method> <!-- get -->
        <test-method status="PASS" signature="get(base08.pojo.ApiCaseDetail)[pri:0, instance:base08.test.ExcelUtilsTest@34033bd0]" name="get" duration-ms="976" started-at="2019-06-09T19:32:28Z" data-provider="apitest" finished-at="2019-06-09T19:32:29Z">
          <params>
            <param index="0">
              <value>
                <![CDATA[ApiCaseDetail [caseId=28, apiId=10, isExcute=Y, requestData={"id":"1"}, expectedResponseData={"status":1,"code":"20403","data":null,"msg":"不存在该项目，生成回款计划失败"}, actualResponseData=, sqlCheckResult=, apiInfo=ApiInfo [apiId=10, apiName=generateRepayments, type=post, url=http://120.78.128.25:8080/futureloan/mvc/api/loan/generateRepayments, getRowNo()=11], beforeSqlCheckerList=[SqlChecker [sqlId=17, caseId=28, type=before, sql=select count(1) as totalNum from repayment where InvestId=1, expectedResult=[{"totalNum":"0"}], actualResult=, checkResult=, getRowNo()=18]], afterSqlCheckerList=[SqlChecker [sqlId=18, caseId=28, type=after, sql=select count(1) as totalNum from repayment where InvestId=1, expectedResult=[{"totalNum":"3"}], actualResult=, checkResult=, getRowNo()=19], SqlChecker [sqlId=19, caseId=28, type=after, sql=select Terms,UnfinishedInterest,UnfinishedPrincipal,`Status` from repayment where InvestId=1, expectedResult=[{"Terms":"1","UnfinishedInterest":"1.00","UnfinishedPrincipal":"0.00","Status":"0"},{"Terms":"2","UnfinishedInterest":"1.00","UnfinishedPrincipal":"0.00","Status":"0"},{"Terms":"3","UnfinishedInterest":"1.00","UnfinishedPrincipal":"100.00","Status":"0"}], actualResult=, checkResult=, getRowNo()=20]], getRowNo()=29]]]>
              </value>
            </param>
          </params>
          <reporter-output>
          </reporter-output>
        </test-method> <!-- get -->
        <test-method status="PASS" signature="afterSuite()[pri:0, instance:base08.test.ExcelUtilsTest@34033bd0]" name="afterSuite" is-config="true" duration-ms="144" started-at="2019-06-09T19:32:29Z" finished-at="2019-06-09T19:32:29Z">
          <reporter-output>
          </reporter-output>
        </test-method> <!-- afterSuite -->
      </class> <!-- base08.test.ExcelUtilsTest -->
    </test> <!-- Default test -->
  </suite> <!-- Default suite -->
</testng-results>
