<?xml version="1.0" encoding="UTF-8"?>
<testng-results skipped="0" failed="0" total="22" passed="22">
  <reporter-output>
  </reporter-output>
  <suite name="Default suite" duration-ms="2994" started-at="2019-05-28T08:41:29Z" finished-at="2019-05-28T08:41:32Z">
    <groups>
    </groups>
    <test name="Default test" duration-ms="2994" started-at="2019-05-28T08:41:29Z" finished-at="2019-05-28T08:41:32Z">
      <class name="base04.test.ExcelUtilsTestUpdate">
        <test-method status="PASS" signature="get(base04.pojo.ApiCaseDetail)[pri:0, instance:base04.test.ExcelUtilsTestUpdate@7006c658]" name="get" duration-ms="872" started-at="2019-05-28T16:41:29Z" data-provider="apitest" finished-at="2019-05-28T16:41:30Z">
          <params>
            <param index="0">
              <value>
                <![CDATA[ApiCaseDetail [caseId=1, apiId=1, isExcute=Y, requestData={"mobilephone":"13666666666","pwd":"123456","regname":"柠檬班"}, expectedReponseData=手机号码已被注册, apiInfo=ApiInfo [apiId=1, apiName=register, type=post, url=http://120.78.128.25:8080/futureloan/mvc/api/member/register]]]]>
              </value>
            </param>
          </params>
          <reporter-output>
          </reporter-output>
        </test-method> <!-- get -->
        <test-method status="PASS" signature="get(base04.pojo.ApiCaseDetail)[pri:0, instance:base04.test.ExcelUtilsTestUpdate@7006c658]" name="get" duration-ms="67" started-at="2019-05-28T16:41:30Z" data-provider="apitest" finished-at="2019-05-28T16:41:30Z">
          <params>
            <param index="0">
              <value>
                <![CDATA[ApiCaseDetail [caseId=2, apiId=1, isExcute=Y, requestData={"mobilephone":"13666666666","pwd":"123456","regname":"柠檬班"}, expectedReponseData=手机号码已被注册, apiInfo=ApiInfo [apiId=1, apiName=register, type=post, url=http://120.78.128.25:8080/futureloan/mvc/api/member/register]]]]>
              </value>
            </param>
          </params>
          <reporter-output>
          </reporter-output>
        </test-method> <!-- get -->
        <test-method status="PASS" signature="get(base04.pojo.ApiCaseDetail)[pri:0, instance:base04.test.ExcelUtilsTestUpdate@7006c658]" name="get" duration-ms="72" started-at="2019-05-28T16:41:30Z" data-provider="apitest" finished-at="2019-05-28T16:41:30Z">
          <params>
            <param index="0">
              <value>
                <![CDATA[ApiCaseDetail [caseId=3, apiId=1, isExcute=Y, requestData={"mobilephone":"13666666666","pwd":"","regname":"柠檬班"}, expectedReponseData=密码不能为空, apiInfo=ApiInfo [apiId=1, apiName=register, type=post, url=http://120.78.128.25:8080/futureloan/mvc/api/member/register]]]]>
              </value>
            </param>
          </params>
          <reporter-output>
          </reporter-output>
        </test-method> <!-- get -->
        <test-method status="PASS" signature="get(base04.pojo.ApiCaseDetail)[pri:0, instance:base04.test.ExcelUtilsTestUpdate@7006c658]" name="get" duration-ms="69" started-at="2019-05-28T16:41:30Z" data-provider="apitest" finished-at="2019-05-28T16:41:30Z">
          <params>
            <param index="0">
              <value>
                <![CDATA[ApiCaseDetail [caseId=4, apiId=1, isExcute=Y, requestData={"mobilephone":"","pwd":"","regname":"柠檬班"}, expectedReponseData=手机号不能为空, apiInfo=ApiInfo [apiId=1, apiName=register, type=post, url=http://120.78.128.25:8080/futureloan/mvc/api/member/register]]]]>
              </value>
            </param>
          </params>
          <reporter-output>
          </reporter-output>
        </test-method> <!-- get -->
        <test-method status="PASS" signature="get(base04.pojo.ApiCaseDetail)[pri:0, instance:base04.test.ExcelUtilsTestUpdate@7006c658]" name="get" duration-ms="66" started-at="2019-05-28T16:41:30Z" data-provider="apitest" finished-at="2019-05-28T16:41:31Z">
          <params>
            <param index="0">
              <value>
                <![CDATA[ApiCaseDetail [caseId=5, apiId=1, isExcute=N, requestData={"mobilephone":"135","pwd":"123456","regname":"柠檬班"}, expectedReponseData=手机号码格式不正确, apiInfo=ApiInfo [apiId=1, apiName=register, type=post, url=http://120.78.128.25:8080/futureloan/mvc/api/member/register]]]]>
              </value>
            </param>
          </params>
          <reporter-output>
          </reporter-output>
        </test-method> <!-- get -->
        <test-method status="PASS" signature="get(base04.pojo.ApiCaseDetail)[pri:0, instance:base04.test.ExcelUtilsTestUpdate@7006c658]" name="get" duration-ms="69" started-at="2019-05-28T16:41:31Z" data-provider="apitest" finished-at="2019-05-28T16:41:31Z">
          <params>
            <param index="0">
              <value>
                <![CDATA[ApiCaseDetail [caseId=6, apiId=1, isExcute=Y, requestData={"mobilephone":"13666666666","pwd":"123","regname":"柠檬班"}, expectedReponseData=密码长度必须为6~18, apiInfo=ApiInfo [apiId=1, apiName=register, type=post, url=http://120.78.128.25:8080/futureloan/mvc/api/member/register]]]]>
              </value>
            </param>
          </params>
          <reporter-output>
          </reporter-output>
        </test-method> <!-- get -->
        <test-method status="PASS" signature="get(base04.pojo.ApiCaseDetail)[pri:0, instance:base04.test.ExcelUtilsTestUpdate@7006c658]" name="get" duration-ms="65" started-at="2019-05-28T16:41:31Z" data-provider="apitest" finished-at="2019-05-28T16:41:31Z">
          <params>
            <param index="0">
              <value>
                <![CDATA[ApiCaseDetail [caseId=7, apiId=2, isExcute=Y, requestData={"mobilephone":"13666666666","pwd":"123456"}, expectedReponseData=登录成功, apiInfo=ApiInfo [apiId=2, apiName=login, type=post, url=http://120.78.128.25:8080/futureloan/mvc/api/member/login]]]]>
              </value>
            </param>
          </params>
          <reporter-output>
          </reporter-output>
        </test-method> <!-- get -->
        <test-method status="PASS" signature="get(base04.pojo.ApiCaseDetail)[pri:0, instance:base04.test.ExcelUtilsTestUpdate@7006c658]" name="get" duration-ms="61" started-at="2019-05-28T16:41:31Z" data-provider="apitest" finished-at="2019-05-28T16:41:31Z">
          <params>
            <param index="0">
              <value>
                <![CDATA[ApiCaseDetail [caseId=8, apiId=2, isExcute=Y, requestData={"mobilephone":"13666666666","pwd":""}, expectedReponseData=密码不能为空, apiInfo=ApiInfo [apiId=2, apiName=login, type=post, url=http://120.78.128.25:8080/futureloan/mvc/api/member/login]]]]>
              </value>
            </param>
          </params>
          <reporter-output>
          </reporter-output>
        </test-method> <!-- get -->
        <test-method status="PASS" signature="get(base04.pojo.ApiCaseDetail)[pri:0, instance:base04.test.ExcelUtilsTestUpdate@7006c658]" name="get" duration-ms="62" started-at="2019-05-28T16:41:31Z" data-provider="apitest" finished-at="2019-05-28T16:41:31Z">
          <params>
            <param index="0">
              <value>
                <![CDATA[ApiCaseDetail [caseId=9, apiId=2, isExcute=Y, requestData={"mobilephone":"","pwd":"123456"}, expectedReponseData=手机号不能为空, apiInfo=ApiInfo [apiId=2, apiName=login, type=post, url=http://120.78.128.25:8080/futureloan/mvc/api/member/login]]]]>
              </value>
            </param>
          </params>
          <reporter-output>
          </reporter-output>
        </test-method> <!-- get -->
        <test-method status="PASS" signature="get(base04.pojo.ApiCaseDetail)[pri:0, instance:base04.test.ExcelUtilsTestUpdate@7006c658]" name="get" duration-ms="62" started-at="2019-05-28T16:41:31Z" data-provider="apitest" finished-at="2019-05-28T16:41:31Z">
          <params>
            <param index="0">
              <value>
                <![CDATA[ApiCaseDetail [caseId=10, apiId=2, isExcute=Y, requestData={"mobilephone":"13666666665","pwd":"123456"}, expectedReponseData=用户名或密码错误, apiInfo=ApiInfo [apiId=2, apiName=login, type=post, url=http://120.78.128.25:8080/futureloan/mvc/api/member/login]]]]>
              </value>
            </param>
          </params>
          <reporter-output>
          </reporter-output>
        </test-method> <!-- get -->
        <test-method status="PASS" signature="get(base04.pojo.ApiCaseDetail)[pri:0, instance:base04.test.ExcelUtilsTestUpdate@7006c658]" name="get" duration-ms="63" started-at="2019-05-28T16:41:31Z" data-provider="apitest" finished-at="2019-05-28T16:41:31Z">
          <params>
            <param index="0">
              <value>
                <![CDATA[ApiCaseDetail [caseId=11, apiId=2, isExcute=Y, requestData={"mobilephone":"13666666666","pwd":"1234567"}, expectedReponseData=用户名或密码错误, apiInfo=ApiInfo [apiId=2, apiName=login, type=post, url=http://120.78.128.25:8080/futureloan/mvc/api/member/login]]]]>
              </value>
            </param>
          </params>
          <reporter-output>
          </reporter-output>
        </test-method> <!-- get -->
        <test-method status="PASS" signature="post(base04.pojo.ApiCaseDetail)[pri:0, instance:base04.test.ExcelUtilsTestUpdate@7006c658]" name="post" duration-ms="71" started-at="2019-05-28T16:41:31Z" data-provider="apitest" finished-at="2019-05-28T16:41:31Z">
          <params>
            <param index="0">
              <value>
                <![CDATA[ApiCaseDetail [caseId=1, apiId=1, isExcute=Y, requestData={"mobilephone":"13666666666","pwd":"123456","regname":"柠檬班"}, expectedReponseData=手机号码已被注册, apiInfo=ApiInfo [apiId=1, apiName=register, type=post, url=http://120.78.128.25:8080/futureloan/mvc/api/member/register]]]]>
              </value>
            </param>
          </params>
          <reporter-output>
          </reporter-output>
        </test-method> <!-- post -->
        <test-method status="PASS" signature="post(base04.pojo.ApiCaseDetail)[pri:0, instance:base04.test.ExcelUtilsTestUpdate@7006c658]" name="post" duration-ms="64" started-at="2019-05-28T16:41:31Z" data-provider="apitest" finished-at="2019-05-28T16:41:31Z">
          <params>
            <param index="0">
              <value>
                <![CDATA[ApiCaseDetail [caseId=2, apiId=1, isExcute=Y, requestData={"mobilephone":"13666666666","pwd":"123456","regname":"柠檬班"}, expectedReponseData=手机号码已被注册, apiInfo=ApiInfo [apiId=1, apiName=register, type=post, url=http://120.78.128.25:8080/futureloan/mvc/api/member/register]]]]>
              </value>
            </param>
          </params>
          <reporter-output>
          </reporter-output>
        </test-method> <!-- post -->
        <test-method status="PASS" signature="post(base04.pojo.ApiCaseDetail)[pri:0, instance:base04.test.ExcelUtilsTestUpdate@7006c658]" name="post" duration-ms="70" started-at="2019-05-28T16:41:31Z" data-provider="apitest" finished-at="2019-05-28T16:41:31Z">
          <params>
            <param index="0">
              <value>
                <![CDATA[ApiCaseDetail [caseId=3, apiId=1, isExcute=Y, requestData={"mobilephone":"13666666666","pwd":"","regname":"柠檬班"}, expectedReponseData=密码不能为空, apiInfo=ApiInfo [apiId=1, apiName=register, type=post, url=http://120.78.128.25:8080/futureloan/mvc/api/member/register]]]]>
              </value>
            </param>
          </params>
          <reporter-output>
          </reporter-output>
        </test-method> <!-- post -->
        <test-method status="PASS" signature="post(base04.pojo.ApiCaseDetail)[pri:0, instance:base04.test.ExcelUtilsTestUpdate@7006c658]" name="post" duration-ms="61" started-at="2019-05-28T16:41:31Z" data-provider="apitest" finished-at="2019-05-28T16:41:31Z">
          <params>
            <param index="0">
              <value>
                <![CDATA[ApiCaseDetail [caseId=4, apiId=1, isExcute=Y, requestData={"mobilephone":"","pwd":"","regname":"柠檬班"}, expectedReponseData=手机号不能为空, apiInfo=ApiInfo [apiId=1, apiName=register, type=post, url=http://120.78.128.25:8080/futureloan/mvc/api/member/register]]]]>
              </value>
            </param>
          </params>
          <reporter-output>
          </reporter-output>
        </test-method> <!-- post -->
        <test-method status="PASS" signature="post(base04.pojo.ApiCaseDetail)[pri:0, instance:base04.test.ExcelUtilsTestUpdate@7006c658]" name="post" duration-ms="63" started-at="2019-05-28T16:41:31Z" data-provider="apitest" finished-at="2019-05-28T16:41:31Z">
          <params>
            <param index="0">
              <value>
                <![CDATA[ApiCaseDetail [caseId=5, apiId=1, isExcute=N, requestData={"mobilephone":"135","pwd":"123456","regname":"柠檬班"}, expectedReponseData=手机号码格式不正确, apiInfo=ApiInfo [apiId=1, apiName=register, type=post, url=http://120.78.128.25:8080/futureloan/mvc/api/member/register]]]]>
              </value>
            </param>
          </params>
          <reporter-output>
          </reporter-output>
        </test-method> <!-- post -->
        <test-method status="PASS" signature="post(base04.pojo.ApiCaseDetail)[pri:0, instance:base04.test.ExcelUtilsTestUpdate@7006c658]" name="post" duration-ms="70" started-at="2019-05-28T16:41:31Z" data-provider="apitest" finished-at="2019-05-28T16:41:31Z">
          <params>
            <param index="0">
              <value>
                <![CDATA[ApiCaseDetail [caseId=6, apiId=1, isExcute=Y, requestData={"mobilephone":"13666666666","pwd":"123","regname":"柠檬班"}, expectedReponseData=密码长度必须为6~18, apiInfo=ApiInfo [apiId=1, apiName=register, type=post, url=http://120.78.128.25:8080/futureloan/mvc/api/member/register]]]]>
              </value>
            </param>
          </params>
          <reporter-output>
          </reporter-output>
        </test-method> <!-- post -->
        <test-method status="PASS" signature="post(base04.pojo.ApiCaseDetail)[pri:0, instance:base04.test.ExcelUtilsTestUpdate@7006c658]" name="post" duration-ms="67" started-at="2019-05-28T16:41:31Z" data-provider="apitest" finished-at="2019-05-28T16:41:32Z">
          <params>
            <param index="0">
              <value>
                <![CDATA[ApiCaseDetail [caseId=7, apiId=2, isExcute=Y, requestData={"mobilephone":"13666666666","pwd":"123456"}, expectedReponseData=登录成功, apiInfo=ApiInfo [apiId=2, apiName=login, type=post, url=http://120.78.128.25:8080/futureloan/mvc/api/member/login]]]]>
              </value>
            </param>
          </params>
          <reporter-output>
          </reporter-output>
        </test-method> <!-- post -->
        <test-method status="PASS" signature="post(base04.pojo.ApiCaseDetail)[pri:0, instance:base04.test.ExcelUtilsTestUpdate@7006c658]" name="post" duration-ms="65" started-at="2019-05-28T16:41:32Z" data-provider="apitest" finished-at="2019-05-28T16:41:32Z">
          <params>
            <param index="0">
              <value>
                <![CDATA[ApiCaseDetail [caseId=8, apiId=2, isExcute=Y, requestData={"mobilephone":"13666666666","pwd":""}, expectedReponseData=密码不能为空, apiInfo=ApiInfo [apiId=2, apiName=login, type=post, url=http://120.78.128.25:8080/futureloan/mvc/api/member/login]]]]>
              </value>
            </param>
          </params>
          <reporter-output>
          </reporter-output>
        </test-method> <!-- post -->
        <test-method status="PASS" signature="post(base04.pojo.ApiCaseDetail)[pri:0, instance:base04.test.ExcelUtilsTestUpdate@7006c658]" name="post" duration-ms="71" started-at="2019-05-28T16:41:32Z" data-provider="apitest" finished-at="2019-05-28T16:41:32Z">
          <params>
            <param index="0">
              <value>
                <![CDATA[ApiCaseDetail [caseId=9, apiId=2, isExcute=Y, requestData={"mobilephone":"","pwd":"123456"}, expectedReponseData=手机号不能为空, apiInfo=ApiInfo [apiId=2, apiName=login, type=post, url=http://120.78.128.25:8080/futureloan/mvc/api/member/login]]]]>
              </value>
            </param>
          </params>
          <reporter-output>
          </reporter-output>
        </test-method> <!-- post -->
        <test-method status="PASS" signature="post(base04.pojo.ApiCaseDetail)[pri:0, instance:base04.test.ExcelUtilsTestUpdate@7006c658]" name="post" duration-ms="63" started-at="2019-05-28T16:41:32Z" data-provider="apitest" finished-at="2019-05-28T16:41:32Z">
          <params>
            <param index="0">
              <value>
                <![CDATA[ApiCaseDetail [caseId=10, apiId=2, isExcute=Y, requestData={"mobilephone":"13666666665","pwd":"123456"}, expectedReponseData=用户名或密码错误, apiInfo=ApiInfo [apiId=2, apiName=login, type=post, url=http://120.78.128.25:8080/futureloan/mvc/api/member/login]]]]>
              </value>
            </param>
          </params>
          <reporter-output>
          </reporter-output>
        </test-method> <!-- post -->
        <test-method status="PASS" signature="post(base04.pojo.ApiCaseDetail)[pri:0, instance:base04.test.ExcelUtilsTestUpdate@7006c658]" name="post" duration-ms="66" started-at="2019-05-28T16:41:32Z" data-provider="apitest" finished-at="2019-05-28T16:41:32Z">
          <params>
            <param index="0">
              <value>
                <![CDATA[ApiCaseDetail [caseId=11, apiId=2, isExcute=Y, requestData={"mobilephone":"13666666666","pwd":"1234567"}, expectedReponseData=用户名或密码错误, apiInfo=ApiInfo [apiId=2, apiName=login, type=post, url=http://120.78.128.25:8080/futureloan/mvc/api/member/login]]]]>
              </value>
            </param>
          </params>
          <reporter-output>
          </reporter-output>
        </test-method> <!-- post -->
      </class> <!-- base04.test.ExcelUtilsTestUpdate -->
    </test> <!-- Default test -->
  </suite> <!-- Default suite -->
</testng-results>
